{"/home/travis/build/npmtest/node-npmtest-react-timeago/test.js":{"path":"/home/travis/build/npmtest/node-npmtest-react-timeago/test.js","s":{"1":2,"2":2,"3":2,"4":2,"5":2,"6":2,"7":2,"8":1,"9":2,"10":2,"11":1,"12":1,"13":1,"14":1,"15":2,"16":2,"17":2,"18":2,"19":1,"20":1,"21":2,"22":2,"23":2,"24":1,"25":1,"26":1,"27":1,"28":1,"29":1,"30":1,"31":1,"32":1,"33":1,"34":1,"35":1,"36":1,"37":1,"38":1,"39":2,"40":2,"41":1,"42":2,"43":2,"44":1,"45":2,"46":2,"47":1,"48":2,"49":2,"50":1,"51":1,"52":1,"53":1,"54":1},"b":{"1":[2,1,1,1],"2":[1,1,1,1],"3":[1,1],"4":[1,1],"5":[1,1],"6":[1,1],"7":[1,1],"8":[1,1],"9":[1,1],"10":[1,1,1],"11":[1,1],"12":[1,1],"13":[1,1],"14":[1,1],"15":[1,1],"16":[1,1],"17":[1,1]},"f":{"1":2,"2":2,"3":2,"4":2,"5":2,"6":1,"7":1,"8":1,"9":2,"10":2,"11":2,"12":2,"13":1},"fnMap":{"1":{"name":"(anonymous_1)","line":12,"loc":{"start":{"line":12,"column":1},"end":{"line":12,"column":13}}},"2":{"name":"(anonymous_2)","line":19,"loc":{"start":{"line":19,"column":5},"end":{"line":19,"column":17}}},"3":{"name":"(anonymous_3)","line":23,"loc":{"start":{"line":23,"column":24},"end":{"line":23,"column":36}}},"4":{"name":"(anonymous_4)","line":61,"loc":{"start":{"line":61,"column":5},"end":{"line":61,"column":17}}},"5":{"name":"(anonymous_5)","line":82,"loc":{"start":{"line":82,"column":5},"end":{"line":82,"column":17}}},"6":{"name":"(anonymous_6)","line":91,"loc":{"start":{"line":91,"column":77},"end":{"line":94,"column":10}}},"7":{"name":"(anonymous_7)","line":112,"loc":{"start":{"line":112,"column":83},"end":{"line":115,"column":10}},"skip":true},"8":{"name":"(anonymous_8)","line":123,"loc":{"start":{"line":123,"column":77},"end":{"line":126,"column":10}},"skip":true},"9":{"name":"(anonymous_9)","line":139,"loc":{"start":{"line":139,"column":12},"end":{"line":139,"column":40}},"skip":true},"10":{"name":"(anonymous_10)","line":147,"loc":{"start":{"line":147,"column":77},"end":{"line":150,"column":10}},"skip":true},"11":{"name":"(anonymous_11)","line":158,"loc":{"start":{"line":158,"column":83},"end":{"line":161,"column":10}},"skip":true},"12":{"name":"(anonymous_12)","line":169,"loc":{"start":{"line":169,"column":79},"end":{"line":172,"column":10}},"skip":true},"13":{"name":"(anonymous_13)","line":180,"loc":{"start":{"line":180,"column":75},"end":{"line":183,"column":10}},"skip":true}},"statementMap":{"1":{"start":{"line":12,"column":0},"end":{"line":195,"column":5}},"2":{"start":{"line":14,"column":4},"end":{"line":14,"column":14}},"3":{"start":{"line":19,"column":4},"end":{"line":56,"column":9}},"4":{"start":{"line":21,"column":8},"end":{"line":21,"column":19}},"5":{"start":{"line":23,"column":8},"end":{"line":35,"column":13}},"6":{"start":{"line":24,"column":12},"end":{"line":34,"column":13}},"7":{"start":{"line":25,"column":16},"end":{"line":28,"column":30}},"8":{"start":{"line":30,"column":16},"end":{"line":33,"column":27}},"9":{"start":{"line":37,"column":8},"end":{"line":39,"column":21}},"10":{"start":{"line":40,"column":8},"end":{"line":53,"column":9}},"11":{"start":{"line":43,"column":12},"end":{"line":46,"column":14}},"12":{"start":{"line":47,"column":12},"end":{"line":47,"column":18}},"13":{"start":{"line":50,"column":12},"end":{"line":51,"column":33}},"14":{"start":{"line":52,"column":12},"end":{"line":52,"column":18}},"15":{"start":{"line":55,"column":8},"end":{"line":55,"column":35}},"16":{"start":{"line":61,"column":4},"end":{"line":63,"column":9}},"17":{"start":{"line":62,"column":8},"end":{"line":62,"column":15}},"18":{"start":{"line":64,"column":4},"end":{"line":77,"column":5}},"19":{"start":{"line":70,"column":8},"end":{"line":70,"column":14}},"20":{"start":{"line":76,"column":8},"end":{"line":76,"column":14}},"21":{"start":{"line":82,"column":4},"end":{"line":84,"column":9}},"22":{"start":{"line":83,"column":8},"end":{"line":83,"column":15}},"23":{"start":{"line":85,"column":4},"end":{"line":194,"column":5}},"24":{"start":{"line":91,"column":8},"end":{"line":99,"column":10}},"25":{"start":{"line":98,"column":12},"end":{"line":98,"column":35}},"26":{"start":{"line":102,"column":8},"end":{"line":104,"column":63}},"27":{"start":{"line":105,"column":8},"end":{"line":105,"column":14}},"28":{"start":{"line":112,"column":8},"end":{"line":121,"column":10},"skip":true},"29":{"start":{"line":119,"column":12},"end":{"line":119,"column":55},"skip":true},"30":{"start":{"line":120,"column":12},"end":{"line":120,"column":48},"skip":true},"31":{"start":{"line":123,"column":8},"end":{"line":136,"column":10},"skip":true},"32":{"start":{"line":130,"column":12},"end":{"line":130,"column":76},"skip":true},"33":{"start":{"line":131,"column":12},"end":{"line":131,"column":73},"skip":true},"34":{"start":{"line":132,"column":12},"end":{"line":132,"column":74},"skip":true},"35":{"start":{"line":133,"column":12},"end":{"line":133,"column":79},"skip":true},"36":{"start":{"line":134,"column":12},"end":{"line":134,"column":25},"skip":true},"37":{"start":{"line":135,"column":12},"end":{"line":135,"column":45},"skip":true},"38":{"start":{"line":138,"column":8},"end":{"line":145,"column":14},"skip":true},"39":{"start":{"line":143,"column":16},"end":{"line":143,"column":29},"skip":true},"40":{"start":{"line":144,"column":16},"end":{"line":144,"column":55},"skip":true},"41":{"start":{"line":147,"column":8},"end":{"line":156,"column":10},"skip":true},"42":{"start":{"line":154,"column":12},"end":{"line":154,"column":25},"skip":true},"43":{"start":{"line":155,"column":12},"end":{"line":155,"column":45},"skip":true},"44":{"start":{"line":158,"column":8},"end":{"line":167,"column":10},"skip":true},"45":{"start":{"line":165,"column":12},"end":{"line":165,"column":25},"skip":true},"46":{"start":{"line":166,"column":12},"end":{"line":166,"column":48},"skip":true},"47":{"start":{"line":169,"column":8},"end":{"line":178,"column":10},"skip":true},"48":{"start":{"line":176,"column":12},"end":{"line":176,"column":25},"skip":true},"49":{"start":{"line":177,"column":12},"end":{"line":177,"column":46},"skip":true},"50":{"start":{"line":180,"column":8},"end":{"line":189,"column":10},"skip":true},"51":{"start":{"line":187,"column":12},"end":{"line":187,"column":94},"skip":true},"52":{"start":{"line":188,"column":12},"end":{"line":188,"column":48},"skip":true},"53":{"start":{"line":192,"column":8},"end":{"line":192,"column":35},"skip":true},"54":{"start":{"line":193,"column":8},"end":{"line":193,"column":14},"skip":true}},"branchMap":{"1":{"line":25,"type":"binary-expr","locations":[{"start":{"line":25,"column":23},"end":{"line":25,"column":62}},{"start":{"line":26,"column":20},"end":{"line":26,"column":70}},{"start":{"line":27,"column":20},"end":{"line":27,"column":71}},{"start":{"line":28,"column":20},"end":{"line":28,"column":29}}]},"2":{"line":30,"type":"binary-expr","locations":[{"start":{"line":30,"column":23},"end":{"line":30,"column":37}},{"start":{"line":31,"column":20},"end":{"line":31,"column":61}},{"start":{"line":32,"column":20},"end":{"line":32,"column":70}},{"start":{"line":33,"column":20},"end":{"line":33,"column":26}}]},"3":{"line":37,"type":"cond-expr","locations":[{"start":{"line":38,"column":14},"end":{"line":38,"column":20}},{"start":{"line":39,"column":14},"end":{"line":39,"column":20}}]},"4":{"line":40,"type":"switch","locations":[{"start":{"line":42,"column":8},"end":{"line":47,"column":18}},{"start":{"line":49,"column":8},"end":{"line":52,"column":18}}]},"5":{"line":44,"type":"binary-expr","locations":[{"start":{"line":44,"column":16},"end":{"line":44,"column":44}},{"start":{"line":44,"column":48},"end":{"line":44,"column":66}}]},"6":{"line":50,"type":"binary-expr","locations":[{"start":{"line":50,"column":21},"end":{"line":50,"column":49}},{"start":{"line":50,"column":53},"end":{"line":50,"column":72}}]},"7":{"line":64,"type":"switch","locations":[{"start":{"line":69,"column":4},"end":{"line":70,"column":14}},{"start":{"line":75,"column":4},"end":{"line":76,"column":14}}]},"8":{"line":85,"type":"switch","locations":[{"start":{"line":90,"column":4},"end":{"line":105,"column":14}},{"start":{"line":111,"column":4},"end":{"line":193,"column":14},"skip":true}]},"9":{"line":91,"type":"binary-expr","locations":[{"start":{"line":91,"column":42},"end":{"line":91,"column":73}},{"start":{"line":91,"column":77},"end":{"line":99,"column":9}}]},"10":{"line":102,"type":"binary-expr","locations":[{"start":{"line":102,"column":18},"end":{"line":102,"column":32}},{"start":{"line":103,"column":12},"end":{"line":103,"column":53}},{"start":{"line":104,"column":12},"end":{"line":104,"column":61}}]},"11":{"line":112,"type":"binary-expr","locations":[{"start":{"line":112,"column":45},"end":{"line":112,"column":79},"skip":true},{"start":{"line":112,"column":83},"end":{"line":121,"column":9},"skip":true}]},"12":{"line":123,"type":"binary-expr","locations":[{"start":{"line":123,"column":42},"end":{"line":123,"column":73},"skip":true},{"start":{"line":123,"column":77},"end":{"line":136,"column":9},"skip":true}]},"13":{"line":138,"type":"binary-expr","locations":[{"start":{"line":138,"column":48},"end":{"line":138,"column":85},"skip":true},{"start":{"line":139,"column":12},"end":{"line":145,"column":13},"skip":true}]},"14":{"line":147,"type":"binary-expr","locations":[{"start":{"line":147,"column":42},"end":{"line":147,"column":73},"skip":true},{"start":{"line":147,"column":77},"end":{"line":156,"column":9},"skip":true}]},"15":{"line":158,"type":"binary-expr","locations":[{"start":{"line":158,"column":45},"end":{"line":158,"column":79},"skip":true},{"start":{"line":158,"column":83},"end":{"line":167,"column":9},"skip":true}]},"16":{"line":169,"type":"binary-expr","locations":[{"start":{"line":169,"column":43},"end":{"line":169,"column":75},"skip":true},{"start":{"line":169,"column":79},"end":{"line":178,"column":9},"skip":true}]},"17":{"line":180,"type":"binary-expr","locations":[{"start":{"line":180,"column":41},"end":{"line":180,"column":71},"skip":true},{"start":{"line":180,"column":75},"end":{"line":189,"column":9},"skip":true}]}},"code":["/* istanbul instrument in package npmtest_react_timeago */","/*jslint","    bitwise: true,","    browser: true,","    maxerr: 8,","    maxlen: 96,","    node: true,","    nomen: true,","    regexp: true,","    stupid: true","*/","(function () {","    'use strict';","    var local;","","","","    // run shared js-env code - pre-init","    (function () {","        // init local","        local = {};","        // init modeJs","        local.modeJs = (function () {","            try {","                return typeof navigator.userAgent === 'string' &&","                    typeof document.querySelector('body') === 'object' &&","                    typeof XMLHttpRequest.prototype.open === 'function' &&","                    'browser';","            } catch (errorCaughtBrowser) {","                return module.exports &&","                    typeof process.versions.node === 'string' &&","                    typeof require('http').createServer === 'function' &&","                    'node';","            }","        }());","        // init global","        local.global = local.modeJs === 'browser'","            ? window","            : global;","        switch (local.modeJs) {","        // re-init local from window.local","        case 'browser':","            local = local.global.utility2.objectSetDefault(","                local.global.utility2_rollup || local.global.local,","                local.global.utility2","            );","            break;","        // re-init local from example.js","        case 'node':","            local = (local.global.utility2_rollup || require('utility2'))","                .requireReadme();","            break;","        }","        // export local","        local.global.local = local;","    }());","","","","    // run shared js-env code - function","    (function () {","        return;","    }());","    switch (local.modeJs) {","","","","    // run browser js-env code - function","    case 'browser':","        break;","","","","    // run node js-env code - function","    case 'node':","        break;","    }","","","","    // run shared js-env code - post-init","    (function () {","        return;","    }());","    switch (local.modeJs) {","","","","    // run browser js-env code - post-init","    case 'browser':","        local.testCase_browser_nullCase = local.testCase_browser_nullCase || function (","            options,","            onError","        ) {","        /*","         * this function will test browsers's null-case handling-behavior-behavior","         */","            onError(null, options);","        };","","        // run tests","        local.nop(local.modeTest &&","            document.querySelector('#testRunButton1') &&","            document.querySelector('#testRunButton1').click());","        break;","","","","    // run node js-env code - post-init","    /* istanbul ignore next */","    case 'node':","        local.testCase_buildApidoc_default = local.testCase_buildApidoc_default || function (","            options,","            onError","        ) {","        /*","         * this function will test buildApidoc's default handling-behavior-behavior","         */","            options = { modulePathList: module.paths };","            local.buildApidoc(options, onError);","        };","","        local.testCase_buildApp_default = local.testCase_buildApp_default || function (","            options,","            onError","        ) {","        /*","         * this function will test buildApp's default handling-behavior-behavior","         */","            local.testCase_buildReadme_default(options, local.onErrorThrow);","            local.testCase_buildLib_default(options, local.onErrorThrow);","            local.testCase_buildTest_default(options, local.onErrorThrow);","            local.testCase_buildCustomOrg_default(options, local.onErrorThrow);","            options = [];","            local.buildApp(options, onError);","        };","","        local.testCase_buildCustomOrg_default = local.testCase_buildCustomOrg_default ||","            function (options, onError) {","            /*","             * this function will test buildCustomOrg's default handling-behavior","             */","                options = {};","                local.buildCustomOrg(options, onError);","            };","","        local.testCase_buildLib_default = local.testCase_buildLib_default || function (","            options,","            onError","        ) {","        /*","         * this function will test buildLib's default handling-behavior","         */","            options = {};","            local.buildLib(options, onError);","        };","","        local.testCase_buildReadme_default = local.testCase_buildReadme_default || function (","            options,","            onError","        ) {","        /*","         * this function will test buildReadme's default handling-behavior-behavior","         */","            options = {};","            local.buildReadme(options, onError);","        };","","        local.testCase_buildTest_default = local.testCase_buildTest_default || function (","            options,","            onError","        ) {","        /*","         * this function will test buildTest's default handling-behavior","         */","            options = {};","            local.buildTest(options, onError);","        };","","        local.testCase_webpage_default = local.testCase_webpage_default || function (","            options,","            onError","        ) {","        /*","         * this function will test webpage's default handling-behavior","         */","            options = { modeCoverageMerge: true, url: local.serverLocalHost + '?modeTest=1' };","            local.browserTest(options, onError);","        };","","        // run test-server","        local.testRunServer(local);","        break;","    }","}());",""],"l":{"12":2,"14":2,"19":2,"21":2,"23":2,"24":2,"25":2,"30":1,"37":2,"40":2,"43":1,"47":1,"50":1,"52":1,"55":2,"61":2,"62":2,"64":2,"70":1,"76":1,"82":2,"83":2,"85":2,"91":1,"98":1,"102":1,"105":1,"112":1,"119":1,"120":1,"123":1,"130":1,"131":1,"132":1,"133":1,"134":1,"135":1,"138":1,"143":2,"144":2,"147":1,"154":2,"155":2,"158":1,"165":2,"166":2,"169":1,"176":2,"177":2,"180":1,"187":1,"188":1,"192":1,"193":1}},"/home/travis/build/npmtest/node-npmtest-react-timeago/lib.npmtest_react_timeago.js":{"path":"/home/travis/build/npmtest/node-npmtest-react-timeago/lib.npmtest_react_timeago.js","s":{"1":2,"2":2,"3":2,"4":2,"5":2,"6":2,"7":2,"8":1,"9":2,"10":2,"11":2,"12":2,"13":1,"14":1,"15":1,"16":1},"b":{"1":[2,1,1,1],"2":[1,1,1,1],"3":[1,1],"4":[2,2],"5":[1,1]},"f":{"1":2,"2":2,"3":2},"fnMap":{"1":{"name":"(anonymous_1)","line":12,"loc":{"start":{"line":12,"column":1},"end":{"line":12,"column":13}}},"2":{"name":"(anonymous_2)","line":19,"loc":{"start":{"line":19,"column":5},"end":{"line":19,"column":17}}},"3":{"name":"(anonymous_3)","line":23,"loc":{"start":{"line":23,"column":24},"end":{"line":23,"column":36}}}},"statementMap":{"1":{"start":{"line":12,"column":0},"end":{"line":53,"column":5}},"2":{"start":{"line":14,"column":4},"end":{"line":14,"column":14}},"3":{"start":{"line":19,"column":4},"end":{"line":52,"column":9}},"4":{"start":{"line":21,"column":8},"end":{"line":21,"column":19}},"5":{"start":{"line":23,"column":8},"end":{"line":35,"column":13}},"6":{"start":{"line":24,"column":12},"end":{"line":34,"column":13}},"7":{"start":{"line":25,"column":16},"end":{"line":28,"column":30}},"8":{"start":{"line":30,"column":16},"end":{"line":33,"column":27}},"9":{"start":{"line":37,"column":8},"end":{"line":39,"column":21}},"10":{"start":{"line":41,"column":8},"end":{"line":41,"column":54}},"11":{"start":{"line":43,"column":8},"end":{"line":43,"column":58}},"12":{"start":{"line":45,"column":8},"end":{"line":51,"column":9}},"13":{"start":{"line":46,"column":12},"end":{"line":46,"column":64}},"14":{"start":{"line":48,"column":12},"end":{"line":48,"column":35}},"15":{"start":{"line":49,"column":12},"end":{"line":49,"column":49}},"16":{"start":{"line":50,"column":12},"end":{"line":50,"column":43}}},"branchMap":{"1":{"line":25,"type":"binary-expr","locations":[{"start":{"line":25,"column":23},"end":{"line":25,"column":62}},{"start":{"line":26,"column":20},"end":{"line":26,"column":70}},{"start":{"line":27,"column":20},"end":{"line":27,"column":71}},{"start":{"line":28,"column":20},"end":{"line":28,"column":29}}]},"2":{"line":30,"type":"binary-expr","locations":[{"start":{"line":30,"column":23},"end":{"line":30,"column":37}},{"start":{"line":31,"column":20},"end":{"line":31,"column":61}},{"start":{"line":32,"column":20},"end":{"line":32,"column":70}},{"start":{"line":33,"column":20},"end":{"line":33,"column":26}}]},"3":{"line":37,"type":"cond-expr","locations":[{"start":{"line":38,"column":14},"end":{"line":38,"column":20}},{"start":{"line":39,"column":14},"end":{"line":39,"column":20}}]},"4":{"line":41,"type":"binary-expr","locations":[{"start":{"line":41,"column":16},"end":{"line":41,"column":44}},{"start":{"line":41,"column":48},"end":{"line":41,"column":53}}]},"5":{"line":45,"type":"if","locations":[{"start":{"line":45,"column":8},"end":{"line":45,"column":8}},{"start":{"line":45,"column":8},"end":{"line":45,"column":8}}]}},"code":["/* istanbul instrument in package npmtest_react_timeago */","/*jslint","    bitwise: true,","    browser: true,","    maxerr: 8,","    maxlen: 96,","    node: true,","    nomen: true,","    regexp: true,","    stupid: true","*/","(function () {","    'use strict';","    var local;","","","","    // run shared js-env code - pre-init","    (function () {","        // init local","        local = {};","        // init modeJs","        local.modeJs = (function () {","            try {","                return typeof navigator.userAgent === 'string' &&","                    typeof document.querySelector('body') === 'object' &&","                    typeof XMLHttpRequest.prototype.open === 'function' &&","                    'browser';","            } catch (errorCaughtBrowser) {","                return module.exports &&","                    typeof process.versions.node === 'string' &&","                    typeof require('http').createServer === 'function' &&","                    'node';","            }","        }());","        // init global","        local.global = local.modeJs === 'browser'","            ? window","            : global;","        // init utility2_rollup","        local = local.global.utility2_rollup || local;","        // init lib","        local.local = local.npmtest_react_timeago = local;","        // init exports","        if (local.modeJs === 'browser') {","            local.global.utility2_npmtest_react_timeago = local;","        } else {","            module.exports = local;","            module.exports.__dirname = __dirname;","            module.exports.module = module;","        }","    }());","}());",""],"l":{"12":2,"14":2,"19":2,"21":2,"23":2,"24":2,"25":2,"30":1,"37":2,"41":2,"43":2,"45":2,"46":1,"48":1,"49":1,"50":1}},"/home/travis/build/npmtest/node-npmtest-react-timeago/example.js":{"path":"/home/travis/build/npmtest/node-npmtest-react-timeago/example.js","s":{"1":2,"2":2,"3":2,"4":2,"5":2,"6":2,"7":2,"8":1,"9":2,"10":2,"11":2,"12":2,"13":1,"14":2,"15":2,"16":2,"17":2,"18":2,"19":0,"20":2,"21":1,"22":1,"23":1,"24":1,"25":1,"26":0,"27":0,"28":1,"29":1,"30":2,"31":0,"32":0,"33":0,"34":1,"35":2,"36":2,"37":3,"38":3,"39":3,"40":3,"41":0,"42":3,"43":3,"44":3,"45":1,"46":3,"47":1,"48":1,"49":1,"50":1,"51":1,"52":1,"53":1,"54":1,"55":1,"56":1,"57":0,"58":1,"59":6,"60":6,"61":1,"62":2,"63":0,"64":2,"65":1,"66":1,"67":0,"68":0,"69":0,"70":0,"71":0,"72":0,"73":0,"74":0,"75":0,"76":0,"77":0,"78":0,"79":0,"80":0,"81":0,"82":0,"83":0},"b":{"1":[2,1,1,1],"2":[1,1,1,1],"3":[1,1],"4":[2,2],"5":[1,1],"6":[1,1],"7":[2,0],"8":[2,1,1,1,1,1],"9":[0,2,0],"10":[1,1],"11":[2,1,1],"12":[1,0],"13":[0,2],"14":[2,0,0,0,0,0,0],"15":[0,3],"16":[3,0],"17":[1,1],"18":[0,1],"19":[1,2,0,2],"20":[1,0],"21":[1,1],"22":[0,0],"23":[0,0],"24":[0,0],"25":[0,0],"26":[0,0],"27":[0,0],"28":[0,0]},"f":{"1":2,"2":2,"3":2,"4":2,"5":2,"6":2,"7":3,"8":3,"9":3,"10":1,"11":6,"12":0},"fnMap":{"1":{"name":"(anonymous_1)","line":26,"loc":{"start":{"line":26,"column":1},"end":{"line":26,"column":13}}},"2":{"name":"(anonymous_2)","line":33,"loc":{"start":{"line":33,"column":5},"end":{"line":33,"column":17}}},"3":{"name":"(anonymous_3)","line":37,"loc":{"start":{"line":37,"column":24},"end":{"line":37,"column":36}}},"4":{"name":"(anonymous_4)","line":69,"loc":{"start":{"line":69,"column":31},"end":{"line":69,"column":48}},"skip":true},"5":{"name":"(anonymous_5)","line":78,"loc":{"start":{"line":78,"column":26},"end":{"line":78,"column":45}},"skip":true},"6":{"name":"(anonymous_6)","line":123,"loc":{"start":{"line":123,"column":33},"end":{"line":123,"column":48}},"skip":true},"7":{"name":"(anonymous_7)","line":125,"loc":{"start":{"line":125,"column":27},"end":{"line":125,"column":39}},"skip":true},"8":{"name":"(anonymous_8)","line":133,"loc":{"start":{"line":133,"column":59},"end":{"line":133,"column":74}},"skip":true},"9":{"name":"(anonymous_9)","line":143,"loc":{"start":{"line":143,"column":45},"end":{"line":143,"column":62}},"skip":true},"10":{"name":"(anonymous_10)","line":144,"loc":{"start":{"line":144,"column":73},"end":{"line":144,"column":92}},"skip":true},"11":{"name":"(anonymous_11)","line":272,"loc":{"start":{"line":272,"column":51},"end":{"line":272,"column":77}},"skip":true},"12":{"name":"(anonymous_12)","line":315,"loc":{"start":{"line":315,"column":32},"end":{"line":315,"column":61}},"skip":true}},"statementMap":{"1":{"start":{"line":26,"column":0},"end":{"line":326,"column":5}},"2":{"start":{"line":28,"column":4},"end":{"line":28,"column":14}},"3":{"start":{"line":33,"column":4},"end":{"line":60,"column":9}},"4":{"start":{"line":35,"column":8},"end":{"line":35,"column":19}},"5":{"start":{"line":37,"column":8},"end":{"line":49,"column":13}},"6":{"start":{"line":38,"column":12},"end":{"line":48,"column":13}},"7":{"start":{"line":39,"column":16},"end":{"line":42,"column":30}},"8":{"start":{"line":44,"column":16},"end":{"line":47,"column":27}},"9":{"start":{"line":51,"column":8},"end":{"line":53,"column":21}},"10":{"start":{"line":55,"column":8},"end":{"line":57,"column":45}},"11":{"start":{"line":59,"column":8},"end":{"line":59,"column":35}},"12":{"start":{"line":61,"column":4},"end":{"line":325,"column":5}},"13":{"start":{"line":69,"column":8},"end":{"line":121,"column":10},"skip":true},"14":{"start":{"line":70,"column":12},"end":{"line":88,"column":13},"skip":true},"15":{"start":{"line":76,"column":16},"end":{"line":87,"column":19},"skip":true},"16":{"start":{"line":79,"column":20},"end":{"line":86,"column":21},"skip":true},"17":{"start":{"line":82,"column":24},"end":{"line":82,"column":43},"skip":true},"18":{"start":{"line":83,"column":24},"end":{"line":83,"column":30},"skip":true},"19":{"start":{"line":85,"column":24},"end":{"line":85,"column":49},"skip":true},"20":{"start":{"line":89,"column":12},"end":{"line":107,"column":13},"skip":true},"21":{"start":{"line":92,"column":16},"end":{"line":102,"column":17},"skip":true},"22":{"start":{"line":93,"column":20},"end":{"line":93,"column":86},"skip":true},"23":{"start":{"line":94,"column":20},"end":{"line":95,"column":45},"skip":true},"24":{"start":{"line":96,"column":20},"end":{"line":96,"column":42},"skip":true},"25":{"start":{"line":97,"column":20},"end":{"line":97,"column":48},"skip":true},"26":{"start":{"line":100,"column":20},"end":{"line":100,"column":85},"skip":true},"27":{"start":{"line":101,"column":20},"end":{"line":101,"column":96},"skip":true},"28":{"start":{"line":103,"column":16},"end":{"line":103,"column":22},"skip":true},"29":{"start":{"line":106,"column":16},"end":{"line":106,"column":22},"skip":true},"30":{"start":{"line":108,"column":12},"end":{"line":120,"column":13},"skip":true},"31":{"start":{"line":114,"column":16},"end":{"line":119,"column":17},"skip":true},"32":{"start":{"line":116,"column":20},"end":{"line":116,"column":78},"skip":true},"33":{"start":{"line":118,"column":20},"end":{"line":118,"column":47},"skip":true},"34":{"start":{"line":123,"column":8},"end":{"line":141,"column":11},"skip":true},"35":{"start":{"line":124,"column":12},"end":{"line":124,"column":54},"skip":true},"36":{"start":{"line":125,"column":12},"end":{"line":140,"column":14},"skip":true},"37":{"start":{"line":126,"column":16},"end":{"line":126,"column":28},"skip":true},"38":{"start":{"line":127,"column":16},"end":{"line":127,"column":69},"skip":true},"39":{"start":{"line":128,"column":16},"end":{"line":128,"column":75},"skip":true},"40":{"start":{"line":129,"column":16},"end":{"line":131,"column":17},"skip":true},"41":{"start":{"line":130,"column":20},"end":{"line":130,"column":27},"skip":true},"42":{"start":{"line":133,"column":16},"end":{"line":137,"column":36},"skip":true},"43":{"start":{"line":134,"column":20},"end":{"line":136,"column":55},"skip":true},"44":{"start":{"line":139,"column":16},"end":{"line":139,"column":57},"skip":true},"45":{"start":{"line":143,"column":8},"end":{"line":147,"column":11},"skip":true},"46":{"start":{"line":144,"column":12},"end":{"line":146,"column":15},"skip":true},"47":{"start":{"line":145,"column":16},"end":{"line":145,"column":70},"skip":true},"48":{"start":{"line":149,"column":8},"end":{"line":149,"column":31},"skip":true},"49":{"start":{"line":150,"column":8},"end":{"line":150,"column":14},"skip":true},"50":{"start":{"line":158,"column":8},"end":{"line":158,"column":31},"skip":true},"51":{"start":{"line":160,"column":8},"end":{"line":160,"column":33},"skip":true},"52":{"start":{"line":161,"column":8},"end":{"line":161,"column":37},"skip":true},"53":{"start":{"line":162,"column":8},"end":{"line":162,"column":35},"skip":true},"54":{"start":{"line":164,"column":8},"end":{"line":164,"column":50},"skip":true},"55":{"start":{"line":166,"column":8},"end":{"line":256,"column":2},"skip":true},"56":{"start":{"line":258,"column":8},"end":{"line":286,"column":9},"skip":true},"57":{"start":{"line":259,"column":12},"end":{"line":269,"column":14},"skip":true},"58":{"start":{"line":271,"column":12},"end":{"line":285,"column":19},"skip":true},"59":{"start":{"line":274,"column":20},"end":{"line":274,"column":35},"skip":true},"60":{"start":{"line":275,"column":20},"end":{"line":284,"column":21},"skip":true},"61":{"start":{"line":277,"column":24},"end":{"line":277,"column":64},"skip":true},"62":{"start":{"line":279,"column":24},"end":{"line":279,"column":40},"skip":true},"63":{"start":{"line":281,"column":24},"end":{"line":281,"column":40},"skip":true},"64":{"start":{"line":283,"column":24},"end":{"line":283,"column":39},"skip":true},"65":{"start":{"line":288,"column":8},"end":{"line":290,"column":9},"skip":true},"66":{"start":{"line":289,"column":12},"end":{"line":289,"column":18},"skip":true},"67":{"start":{"line":291,"column":8},"end":{"line":293,"column":54},"skip":true},"68":{"start":{"line":296,"column":8},"end":{"line":301,"column":37},"skip":true},"69":{"start":{"line":303,"column":8},"end":{"line":303,"column":82},"skip":true},"70":{"start":{"line":306,"column":8},"end":{"line":308,"column":9},"skip":true},"71":{"start":{"line":307,"column":12},"end":{"line":307,"column":82},"skip":true},"72":{"start":{"line":310,"column":8},"end":{"line":312,"column":9},"skip":true},"73":{"start":{"line":311,"column":12},"end":{"line":311,"column":18},"skip":true},"74":{"start":{"line":313,"column":8},"end":{"line":313,"column":54},"skip":true},"75":{"start":{"line":314,"column":8},"end":{"line":314,"column":69},"skip":true},"76":{"start":{"line":315,"column":8},"end":{"line":323,"column":36},"skip":true},"77":{"start":{"line":316,"column":12},"end":{"line":316,"column":61},"skip":true},"78":{"start":{"line":317,"column":12},"end":{"line":320,"column":13},"skip":true},"79":{"start":{"line":318,"column":16},"end":{"line":318,"column":75},"skip":true},"80":{"start":{"line":319,"column":16},"end":{"line":319,"column":23},"skip":true},"81":{"start":{"line":321,"column":12},"end":{"line":321,"column":38},"skip":true},"82":{"start":{"line":322,"column":12},"end":{"line":322,"column":27},"skip":true},"83":{"start":{"line":324,"column":8},"end":{"line":324,"column":14},"skip":true}},"branchMap":{"1":{"line":39,"type":"binary-expr","locations":[{"start":{"line":39,"column":23},"end":{"line":39,"column":62}},{"start":{"line":40,"column":20},"end":{"line":40,"column":70}},{"start":{"line":41,"column":20},"end":{"line":41,"column":71}},{"start":{"line":42,"column":20},"end":{"line":42,"column":29}}]},"2":{"line":44,"type":"binary-expr","locations":[{"start":{"line":44,"column":23},"end":{"line":44,"column":37}},{"start":{"line":45,"column":20},"end":{"line":45,"column":61}},{"start":{"line":46,"column":20},"end":{"line":46,"column":70}},{"start":{"line":47,"column":20},"end":{"line":47,"column":26}}]},"3":{"line":51,"type":"cond-expr","locations":[{"start":{"line":52,"column":14},"end":{"line":52,"column":20}},{"start":{"line":53,"column":14},"end":{"line":53,"column":20}}]},"4":{"line":55,"type":"binary-expr","locations":[{"start":{"line":55,"column":16},"end":{"line":55,"column":44}},{"start":{"line":55,"column":49},"end":{"line":57,"column":43}}]},"5":{"line":55,"type":"cond-expr","locations":[{"start":{"line":56,"column":14},"end":{"line":56,"column":57}},{"start":{"line":57,"column":14},"end":{"line":57,"column":43}}]},"6":{"line":61,"type":"switch","locations":[{"start":{"line":68,"column":4},"end":{"line":150,"column":14},"skip":true},{"start":{"line":156,"column":4},"end":{"line":324,"column":14},"skip":true}]},"7":{"line":70,"type":"if","locations":[{"start":{"line":70,"column":12},"end":{"line":70,"column":12},"skip":true},{"start":{"line":70,"column":12},"end":{"line":70,"column":12},"skip":true}]},"8":{"line":70,"type":"binary-expr","locations":[{"start":{"line":70,"column":16},"end":{"line":70,"column":22},"skip":true},{"start":{"line":70,"column":27},"end":{"line":70,"column":32},"skip":true},{"start":{"line":71,"column":20},"end":{"line":71,"column":39},"skip":true},{"start":{"line":72,"column":20},"end":{"line":72,"column":49},"skip":true},{"start":{"line":73,"column":20},"end":{"line":73,"column":58},"skip":true},{"start":{"line":74,"column":20},"end":{"line":74,"column":69},"skip":true}]},"9":{"line":79,"type":"switch","locations":[{"start":{"line":80,"column":20},"end":{"line":80,"column":33},"skip":true},{"start":{"line":81,"column":20},"end":{"line":83,"column":30},"skip":true},{"start":{"line":84,"column":20},"end":{"line":85,"column":49},"skip":true}]},"10":{"line":89,"type":"switch","locations":[{"start":{"line":90,"column":12},"end":{"line":103,"column":22},"skip":true},{"start":{"line":105,"column":12},"end":{"line":106,"column":22},"skip":true}]},"11":{"line":89,"type":"binary-expr","locations":[{"start":{"line":89,"column":20},"end":{"line":89,"column":25},"skip":true},{"start":{"line":89,"column":29},"end":{"line":89,"column":48},"skip":true},{"start":{"line":89,"column":52},"end":{"line":89,"column":74},"skip":true}]},"12":{"line":92,"type":"if","locations":[{"start":{"line":92,"column":16},"end":{"line":92,"column":16},"skip":true},{"start":{"line":92,"column":16},"end":{"line":92,"column":16},"skip":true}]},"13":{"line":108,"type":"if","locations":[{"start":{"line":108,"column":12},"end":{"line":108,"column":12},"skip":true},{"start":{"line":108,"column":12},"end":{"line":108,"column":12},"skip":true}]},"14":{"line":108,"type":"binary-expr","locations":[{"start":{"line":108,"column":16},"end":{"line":108,"column":61},"skip":true},{"start":{"line":108,"column":66},"end":{"line":108,"column":72},"skip":true},{"start":{"line":108,"column":77},"end":{"line":108,"column":82},"skip":true},{"start":{"line":109,"column":20},"end":{"line":109,"column":39},"skip":true},{"start":{"line":110,"column":20},"end":{"line":110,"column":49},"skip":true},{"start":{"line":111,"column":20},"end":{"line":111,"column":58},"skip":true},{"start":{"line":112,"column":20},"end":{"line":112,"column":68},"skip":true}]},"15":{"line":129,"type":"if","locations":[{"start":{"line":129,"column":16},"end":{"line":129,"column":16},"skip":true},{"start":{"line":129,"column":16},"end":{"line":129,"column":16},"skip":true}]},"16":{"line":134,"type":"cond-expr","locations":[{"start":{"line":135,"column":26},"end":{"line":135,"column":29},"skip":true},{"start":{"line":136,"column":26},"end":{"line":136,"column":54},"skip":true}]},"17":{"line":164,"type":"binary-expr","locations":[{"start":{"line":164,"column":27},"end":{"line":164,"column":43},"skip":true},{"start":{"line":164,"column":47},"end":{"line":164,"column":49},"skip":true}]},"18":{"line":258,"type":"if","locations":[{"start":{"line":258,"column":8},"end":{"line":258,"column":8},"skip":true},{"start":{"line":258,"column":8},"end":{"line":258,"column":8},"skip":true}]},"19":{"line":275,"type":"switch","locations":[{"start":{"line":276,"column":20},"end":{"line":277,"column":64},"skip":true},{"start":{"line":278,"column":20},"end":{"line":279,"column":40},"skip":true},{"start":{"line":280,"column":20},"end":{"line":281,"column":40},"skip":true},{"start":{"line":282,"column":20},"end":{"line":283,"column":39},"skip":true}]},"20":{"line":288,"type":"if","locations":[{"start":{"line":288,"column":8},"end":{"line":288,"column":8},"skip":true},{"start":{"line":288,"column":8},"end":{"line":288,"column":8},"skip":true}]},"21":{"line":288,"type":"binary-expr","locations":[{"start":{"line":288,"column":12},"end":{"line":288,"column":40},"skip":true},{"start":{"line":288,"column":44},"end":{"line":288,"column":67},"skip":true}]},"22":{"line":292,"type":"binary-expr","locations":[{"start":{"line":292,"column":12},"end":{"line":292,"column":50},"skip":true},{"start":{"line":293,"column":12},"end":{"line":293,"column":53},"skip":true}]},"23":{"line":297,"type":"binary-expr","locations":[{"start":{"line":297,"column":12},"end":{"line":297,"column":71},"skip":true},{"start":{"line":298,"column":12},"end":{"line":301,"column":36},"skip":true}]},"24":{"line":303,"type":"binary-expr","locations":[{"start":{"line":303,"column":43},"end":{"line":303,"column":75},"skip":true},{"start":{"line":303,"column":79},"end":{"line":303,"column":81},"skip":true}]},"25":{"line":306,"type":"if","locations":[{"start":{"line":306,"column":8},"end":{"line":306,"column":8},"skip":true},{"start":{"line":306,"column":8},"end":{"line":306,"column":8},"skip":true}]},"26":{"line":310,"type":"if","locations":[{"start":{"line":310,"column":8},"end":{"line":310,"column":8},"skip":true},{"start":{"line":310,"column":8},"end":{"line":310,"column":8},"skip":true}]},"27":{"line":313,"type":"binary-expr","locations":[{"start":{"line":313,"column":27},"end":{"line":313,"column":43},"skip":true},{"start":{"line":313,"column":47},"end":{"line":313,"column":53},"skip":true}]},"28":{"line":317,"type":"if","locations":[{"start":{"line":317,"column":12},"end":{"line":317,"column":12},"skip":true},{"start":{"line":317,"column":12},"end":{"line":317,"column":12},"skip":true}]}},"code":["/*","example.js","","quickstart example","","instruction","    1. save this script as example.js","    2. run the shell command:","        $ npm install npmtest-react-timeago && PORT=8081 node example.js","    3. play with the browser-demo on http://127.0.0.1:8081","*/","","","","/* istanbul instrument in package npmtest_react_timeago */","/*jslint","    bitwise: true,","    browser: true,","    maxerr: 8,","    maxlen: 96,","    node: true,","    nomen: true,","    regexp: true,","    stupid: true","*/","(function () {","    'use strict';","    var local;","","","","    // run shared js-env code - pre-init","    (function () {","        // init local","        local = {};","        // init modeJs","        local.modeJs = (function () {","            try {","                return typeof navigator.userAgent === 'string' &&","                    typeof document.querySelector('body') === 'object' &&","                    typeof XMLHttpRequest.prototype.open === 'function' &&","                    'browser';","            } catch (errorCaughtBrowser) {","                return module.exports &&","                    typeof process.versions.node === 'string' &&","                    typeof require('http').createServer === 'function' &&","                    'node';","            }","        }());","        // init global","        local.global = local.modeJs === 'browser'","            ? window","            : global;","        // init utility2_rollup","        local = local.global.utility2_rollup || (local.modeJs === 'browser'","            ? local.global.utility2_npmtest_react_timeago","            : global.utility2_moduleExports);","        // export local","        local.global.local = local;","    }());","    switch (local.modeJs) {","","","","    // post-init","    // run browser js-env code - post-init","    /* istanbul ignore next */","    case 'browser':","        local.testRunBrowser = function (event) {","            if (!event || (event &&","                    event.currentTarget &&","                    event.currentTarget.className &&","                    event.currentTarget.className.includes &&","                    event.currentTarget.className.includes('onreset'))) {","                // reset output","                Array.from(","                    document.querySelectorAll('body > .resettable')","                ).forEach(function (element) {","                    switch (element.tagName) {","                    case 'INPUT':","                    case 'TEXTAREA':","                        element.value = '';","                        break;","                    default:","                        element.textContent = '';","                    }","                });","            }","            switch (event && event.currentTarget && event.currentTarget.id) {","            case 'testRunButton1':","                // show tests","                if (document.querySelector('#testReportDiv1').style.display === 'none') {","                    document.querySelector('#testReportDiv1').style.display = 'block';","                    document.querySelector('#testRunButton1').textContent =","                        'hide internal test';","                    local.modeTest = true;","                    local.testRunDefault(local);","                // hide tests","                } else {","                    document.querySelector('#testReportDiv1').style.display = 'none';","                    document.querySelector('#testRunButton1').textContent = 'run internal test';","                }","                break;","            // custom-case","            default:","                break;","            }","            if (document.querySelector('#inputTextareaEval1') && (!event || (event &&","                    event.currentTarget &&","                    event.currentTarget.className &&","                    event.currentTarget.className.includes &&","                    event.currentTarget.className.includes('oneval')))) {","                // try to eval input-code","                try {","                    /*jslint evil: true*/","                    eval(document.querySelector('#inputTextareaEval1').value);","                } catch (errorCaught) {","                    console.error(errorCaught);","                }","            }","        };","        // log stderr and stdout to #outputTextareaStdout1","        ['error', 'log'].forEach(function (key) {","            console[key + '_original'] = console[key];","            console[key] = function () {","                var element;","                console[key + '_original'].apply(console, arguments);","                element = document.querySelector('#outputTextareaStdout1');","                if (!element) {","                    return;","                }","                // append text to #outputTextareaStdout1","                element.value += Array.from(arguments).map(function (arg) {","                    return typeof arg === 'string'","                        ? arg","                        : JSON.stringify(arg, null, 4);","                }).join(' ') + '\\n';","                // scroll textarea to bottom","                element.scrollTop = element.scrollHeight;","            };","        });","        // init event-handling","        ['change', 'click', 'keyup'].forEach(function (event) {","            Array.from(document.querySelectorAll('.on' + event)).forEach(function (element) {","                element.addEventListener(event, local.testRunBrowser);","            });","        });","        // run tests","        local.testRunBrowser();","        break;","","","","    // run node js-env code - post-init","    /* istanbul ignore next */","    case 'node':","        // export local","        module.exports = local;","        // require modules","        local.fs = require('fs');","        local.http = require('http');","        local.url = require('url');","        // init assets","        local.assetsDict = local.assetsDict || {};","        /* jslint-ignore-begin */","        local.assetsDict['/assets.index.template.html'] = '\\","<!doctype html>\\n\\","<html lang=\"en\">\\n\\","<head>\\n\\","<meta charset=\"UTF-8\">\\n\\","<meta name=\"viewport\" content=\"width=device-width, initial-scale=1\">\\n\\","<title>{{env.npm_package_name}} (v{{env.npm_package_version}})</title>\\n\\","<style>\\n\\","/*csslint\\n\\","    box-sizing: false,\\n\\","    universal-selector: false\\n\\","*/\\n\\","* {\\n\\","    box-sizing: border-box;\\n\\","}\\n\\","body {\\n\\","    background: #dde;\\n\\","    font-family: Arial, Helvetica, sans-serif;\\n\\","    margin: 2rem;\\n\\","}\\n\\","body > * {\\n\\","    margin-bottom: 1rem;\\n\\","}\\n\\",".utility2FooterDiv {\\n\\","    margin-top: 20px;\\n\\","    text-align: center;\\n\\","}\\n\\","</style>\\n\\","<style>\\n\\","/*csslint\\n\\","*/\\n\\","textarea {\\n\\","    font-family: monospace;\\n\\","    height: 10rem;\\n\\","    width: 100%;\\n\\","}\\n\\","textarea[readonly] {\\n\\","    background: #ddd;\\n\\","}\\n\\","</style>\\n\\","</head>\\n\\","<body>\\n\\","<!-- utility2-comment\\n\\","<div id=\"ajaxProgressDiv1\" style=\"background: #d00; height: 2px; left: 0; margin: 0; padding: 0; position: fixed; top: 0; transition: background 0.5s, width 1.5s; width: 25%;\"></div>\\n\\","utility2-comment -->\\n\\","<h1>\\n\\","<!-- utility2-comment\\n\\","    <a\\n\\","        {{#if env.npm_package_homepage}}\\n\\","        href=\"{{env.npm_package_homepage}}\"\\n\\","        {{/if env.npm_package_homepage}}\\n\\","        target=\"_blank\"\\n\\","    >\\n\\","utility2-comment -->\\n\\","        {{env.npm_package_name}} (v{{env.npm_package_version}})\\n\\","<!-- utility2-comment\\n\\","    </a>\\n\\","utility2-comment -->\\n\\","</h1>\\n\\","<h3>{{env.npm_package_description}}</h3>\\n\\","<!-- utility2-comment\\n\\","<h4><a download href=\"assets.app.js\">download standalone app</a></h4>\\n\\","<button class=\"onclick onreset\" id=\"testRunButton1\">run internal test</button><br>\\n\\","<div id=\"testReportDiv1\" style=\"display: none;\"></div>\\n\\","utility2-comment -->\\n\\","\\n\\","\\n\\","\\n\\","<label>stderr and stdout</label>\\n\\","<textarea class=\"resettable\" id=\"outputTextareaStdout1\" readonly></textarea>\\n\\","<!-- utility2-comment\\n\\","{{#if isRollup}}\\n\\","<script src=\"assets.app.js\"></script>\\n\\","{{#unless isRollup}}\\n\\","utility2-comment -->\\n\\","<script src=\"assets.utility2.rollup.js\"></script>\\n\\","<script src=\"jsonp.utility2._stateInit?callback=window.utility2._stateInit\"></script>\\n\\","<script src=\"assets.npmtest_react_timeago.rollup.js\"></script>\\n\\","<script src=\"assets.example.js\"></script>\\n\\","<script src=\"assets.test.js\"></script>\\n\\","<!-- utility2-comment\\n\\","{{/if isRollup}}\\n\\","utility2-comment -->\\n\\","<div class=\"utility2FooterDiv\">\\n\\","    [ this app was created with\\n\\","    <a href=\"https://github.com/kaizhu256/node-utility2\" target=\"_blank\">utility2</a>\\n\\","    ]\\n\\","</div>\\n\\","</body>\\n\\","</html>\\n\\","';","        /* jslint-ignore-end */","        if (local.templateRender) {","            local.assetsDict['/'] = local.templateRender(","                local.assetsDict['/assets.index.template.html'],","                {","                    env: local.objectSetDefault(local.env, {","                        npm_package_description: 'the greatest app in the world!',","                        npm_package_name: 'my-app',","                        npm_package_nameAlias: 'my_app',","                        npm_package_version: '0.0.1'","                    })","                }","            );","        } else {","            local.assetsDict['/'] = local.assetsDict['/assets.index.template.html']","                .replace((/\\{\\{env\\.(\\w+?)\\}\\}/g), function (match0, match1) {","                    // jslint-hack","                    String(match0);","                    switch (match1) {","                    case 'npm_package_description':","                        return 'the greatest app in the world!';","                    case 'npm_package_name':","                        return 'my-app';","                    case 'npm_package_nameAlias':","                        return 'my_app';","                    case 'npm_package_version':","                        return '0.0.1';","                    }","                });","        }","        // run the cli","        if (local.global.utility2_rollup || module !== require.main) {","            break;","        }","        local.assetsDict['/assets.example.js'] =","            local.assetsDict['/assets.example.js'] ||","            local.fs.readFileSync(__filename, 'utf8');","        // bug-workaround - long $npm_package_buildCustomOrg","        /* jslint-ignore-begin */","        local.assetsDict['/assets.npmtest_react_timeago.rollup.js'] =","            local.assetsDict['/assets.npmtest_react_timeago.rollup.js'] ||","            local.fs.readFileSync(","                local.npmtest_react_timeago.__dirname + '/lib.npmtest_react_timeago.js',","                'utf8'","            ).replace((/^#!/), '//');","        /* jslint-ignore-end */","        local.assetsDict['/favicon.ico'] = local.assetsDict['/favicon.ico'] || '';","        // if $npm_config_timeout_exit exists,","        // then exit this process after $npm_config_timeout_exit ms","        if (Number(process.env.npm_config_timeout_exit)) {","            setTimeout(process.exit, Number(process.env.npm_config_timeout_exit));","        }","        // start server","        if (local.global.utility2_serverHttp1) {","            break;","        }","        process.env.PORT = process.env.PORT || '8081';","        console.error('server starting on port ' + process.env.PORT);","        local.http.createServer(function (request, response) {","            request.urlParsed = local.url.parse(request.url);","            if (local.assetsDict[request.urlParsed.pathname] !== undefined) {","                response.end(local.assetsDict[request.urlParsed.pathname]);","                return;","            }","            response.statusCode = 404;","            response.end();","        }).listen(process.env.PORT);","        break;","    }","}());",""],"l":{"26":2,"28":2,"33":2,"35":2,"37":2,"38":2,"39":2,"44":1,"51":2,"55":2,"59":2,"61":2,"69":1,"70":2,"76":2,"79":2,"82":2,"83":2,"85":1,"89":2,"92":1,"93":1,"94":1,"96":1,"97":1,"100":1,"101":1,"103":1,"106":1,"108":2,"114":1,"116":1,"118":1,"123":1,"124":2,"125":2,"126":3,"127":3,"128":3,"129":3,"130":1,"133":3,"134":3,"139":3,"143":1,"144":3,"145":1,"149":1,"150":1,"158":1,"160":1,"161":1,"162":1,"164":1,"166":1,"258":1,"259":1,"271":1,"274":6,"275":6,"277":1,"279":2,"281":1,"283":2,"288":1,"289":1,"291":1,"296":1,"303":1,"306":1,"307":1,"310":1,"311":1,"313":1,"314":1,"315":1,"316":1,"317":1,"318":1,"319":1,"321":1,"322":1,"324":1}},"/home/travis/build/npmtest/node-npmtest-react-timeago/node_modules/react-timeago/lib/index.js":{"path":"/home/travis/build/npmtest/node-npmtest-react-timeago/node_modules/react-timeago/lib/index.js","s":{"1":1,"2":1,"3":0,"4":0,"5":0,"6":0,"7":0,"8":0,"9":1,"10":1,"11":0,"12":0,"13":0,"14":0,"15":0,"16":0,"17":0,"18":0,"19":0,"20":0,"21":0,"22":0,"23":0,"24":0,"25":0,"26":0,"27":0,"28":1,"29":0,"30":0,"31":0,"32":0,"33":0,"34":1,"35":1,"36":1,"37":4,"38":4,"39":4,"40":4,"41":4,"42":4,"43":1,"44":1,"45":1,"46":1,"47":0,"48":1,"49":1,"50":1,"51":1,"52":1,"53":1,"54":2,"55":1,"56":0,"57":0,"58":0,"59":0,"60":0,"61":0,"62":0,"63":0,"64":1,"65":0,"66":0,"67":1,"68":0,"69":0,"70":0,"71":1,"72":1,"73":0,"74":1,"75":1,"76":1,"77":1,"78":1,"79":1,"80":1,"81":1,"82":1,"83":1,"84":1,"85":1,"86":0,"87":0,"88":0,"89":0,"90":0,"91":0,"92":0,"93":0,"94":0,"95":0,"96":0,"97":0,"98":0,"99":0,"100":0,"101":0,"102":0,"103":0,"104":0,"105":0,"106":1,"107":0,"108":0,"109":0,"110":0,"111":0,"112":0,"113":0,"114":0,"115":0,"116":0,"117":0,"118":0,"119":0,"120":0,"121":0,"122":0,"123":0,"124":0,"125":0,"126":0,"127":0,"128":0,"129":0,"130":0,"131":1,"132":1,"133":1,"134":1},"b":{"1":[1,0],"2":[0,0],"3":[0,0],"4":[0,0],"5":[0,0],"6":[0,0],"7":[0,0],"8":[0,0],"9":[0,0],"10":[4,4],"11":[4,0],"12":[1,0],"13":[0,1],"14":[1,1],"15":[2,2],"16":[0,0],"17":[0,0],"18":[0,0],"19":[0,0],"20":[0,0],"21":[0,0,0],"22":[0,1],"23":[1,0],"24":[1,1],"25":[1,0],"26":[1,0],"27":[0,0],"28":[0,0],"29":[0,0],"30":[0,0],"31":[0,0],"32":[0,0],"33":[0,0],"34":[0,0],"35":[0,0],"36":[0,0],"37":[0,0],"38":[0,0],"39":[0,0],"40":[0,0],"41":[0,0],"42":[0,0],"43":[0,0],"44":[0,0],"45":[0,0],"46":[0,0],"47":[0,0],"48":[0,0],"49":[0,0],"50":[0,0],"51":[0,0],"52":[0,0]},"f":{"1":0,"2":1,"3":0,"4":0,"5":1,"6":1,"7":1,"8":2,"9":0,"10":0,"11":0,"12":1,"13":1,"14":0,"15":0,"16":0,"17":0,"18":0,"19":0},"fnMap":{"1":{"name":"(anonymous_1)","line":7,"loc":{"start":{"line":7,"column":32},"end":{"line":7,"column":50}}},"2":{"name":"(anonymous_2)","line":9,"loc":{"start":{"line":9,"column":21},"end":{"line":9,"column":33}}},"3":{"name":"sliceIterator","line":9,"loc":{"start":{"line":9,"column":35},"end":{"line":9,"column":66}}},"4":{"name":"(anonymous_4)","line":9,"loc":{"start":{"line":9,"column":436},"end":{"line":9,"column":454}}},"5":{"name":"(anonymous_5)","line":11,"loc":{"start":{"line":11,"column":19},"end":{"line":11,"column":31}}},"6":{"name":"defineProperties","line":11,"loc":{"start":{"line":11,"column":33},"end":{"line":11,"column":74}}},"7":{"name":"(anonymous_7)","line":11,"loc":{"start":{"line":11,"column":357},"end":{"line":11,"column":405}}},"8":{"name":"_interopRequireDefault","line":21,"loc":{"start":{"line":21,"column":0},"end":{"line":21,"column":37}}},"9":{"name":"_objectWithoutProperties","line":23,"loc":{"start":{"line":23,"column":0},"end":{"line":23,"column":45}}},"10":{"name":"_classCallCheck","line":25,"loc":{"start":{"line":25,"column":0},"end":{"line":25,"column":48}}},"11":{"name":"_possibleConstructorReturn","line":27,"loc":{"start":{"line":27,"column":0},"end":{"line":27,"column":48}}},"12":{"name":"_inherits","line":29,"loc":{"start":{"line":29,"column":0},"end":{"line":29,"column":41}}},"13":{"name":"(anonymous_13)","line":39,"loc":{"start":{"line":39,"column":14},"end":{"line":39,"column":36}}},"14":{"name":"TimeAgo","line":42,"loc":{"start":{"line":42,"column":2},"end":{"line":42,"column":21}}},"15":{"name":"(anonymous_15)","line":53,"loc":{"start":{"line":53,"column":221},"end":{"line":53,"column":240}}},"16":{"name":"componentDidMount","line":82,"loc":{"start":{"line":82,"column":11},"end":{"line":82,"column":40}}},"17":{"name":"componentDidUpdate","line":90,"loc":{"start":{"line":90,"column":11},"end":{"line":90,"column":50}}},"18":{"name":"componentWillUnmount","line":100,"loc":{"start":{"line":100,"column":11},"end":{"line":100,"column":43}}},"19":{"name":"render","line":109,"loc":{"start":{"line":109,"column":11},"end":{"line":109,"column":29}}}},"statementMap":{"1":{"start":{"line":3,"column":0},"end":{"line":5,"column":3}},"2":{"start":{"line":7,"column":0},"end":{"line":7,"column":257}},"3":{"start":{"line":7,"column":52},"end":{"line":7,"column":239}},"4":{"start":{"line":7,"column":97},"end":{"line":7,"column":123}},"5":{"start":{"line":7,"column":124},"end":{"line":7,"column":237}},"6":{"start":{"line":7,"column":150},"end":{"line":7,"column":235}},"7":{"start":{"line":7,"column":207},"end":{"line":7,"column":233}},"8":{"start":{"line":7,"column":240},"end":{"line":7,"column":254}},"9":{"start":{"line":9,"column":0},"end":{"line":9,"column":664}},"10":{"start":{"line":9,"column":35},"end":{"line":9,"column":428}},"11":{"start":{"line":9,"column":68},"end":{"line":9,"column":82}},"12":{"start":{"line":9,"column":83},"end":{"line":9,"column":97}},"13":{"start":{"line":9,"column":98},"end":{"line":9,"column":113}},"14":{"start":{"line":9,"column":114},"end":{"line":9,"column":133}},"15":{"start":{"line":9,"column":134},"end":{"line":9,"column":413}},"16":{"start":{"line":9,"column":140},"end":{"line":9,"column":283}},"17":{"start":{"line":9,"column":226},"end":{"line":9,"column":246}},"18":{"start":{"line":9,"column":247},"end":{"line":9,"column":281}},"19":{"start":{"line":9,"column":275},"end":{"line":9,"column":281}},"20":{"start":{"line":9,"column":300},"end":{"line":9,"column":310}},"21":{"start":{"line":9,"column":311},"end":{"line":9,"column":320}},"22":{"start":{"line":9,"column":333},"end":{"line":9,"column":411}},"23":{"start":{"line":9,"column":339},"end":{"line":9,"column":379}},"24":{"start":{"line":9,"column":364},"end":{"line":9,"column":379}},"25":{"start":{"line":9,"column":392},"end":{"line":9,"column":409}},"26":{"start":{"line":9,"column":400},"end":{"line":9,"column":409}},"27":{"start":{"line":9,"column":414},"end":{"line":9,"column":426}},"28":{"start":{"line":9,"column":429},"end":{"line":9,"column":659}},"29":{"start":{"line":9,"column":456},"end":{"line":9,"column":656}},"30":{"start":{"line":9,"column":482},"end":{"line":9,"column":493}},"31":{"start":{"line":9,"column":501},"end":{"line":9,"column":656}},"32":{"start":{"line":9,"column":539},"end":{"line":9,"column":568}},"33":{"start":{"line":9,"column":578},"end":{"line":9,"column":654}},"34":{"start":{"line":11,"column":0},"end":{"line":11,"column":564}},"35":{"start":{"line":11,"column":33},"end":{"line":11,"column":349}},"36":{"start":{"line":11,"column":76},"end":{"line":11,"column":347}},"37":{"start":{"line":11,"column":117},"end":{"line":11,"column":143}},"38":{"start":{"line":11,"column":144},"end":{"line":11,"column":199}},"39":{"start":{"line":11,"column":200},"end":{"line":11,"column":231}},"40":{"start":{"line":11,"column":232},"end":{"line":11,"column":286}},"41":{"start":{"line":11,"column":259},"end":{"line":11,"column":286}},"42":{"start":{"line":11,"column":287},"end":{"line":11,"column":345}},"43":{"start":{"line":11,"column":350},"end":{"line":11,"column":559}},"44":{"start":{"line":11,"column":407},"end":{"line":11,"column":475}},"45":{"start":{"line":11,"column":423},"end":{"line":11,"column":475}},"46":{"start":{"line":11,"column":476},"end":{"line":11,"column":536}},"47":{"start":{"line":11,"column":493},"end":{"line":11,"column":536}},"48":{"start":{"line":11,"column":537},"end":{"line":11,"column":556}},"49":{"start":{"line":13,"column":0},"end":{"line":13,"column":30}},"50":{"start":{"line":15,"column":0},"end":{"line":15,"column":45}},"51":{"start":{"line":17,"column":0},"end":{"line":17,"column":54}},"52":{"start":{"line":19,"column":0},"end":{"line":19,"column":67}},"53":{"start":{"line":21,"column":0},"end":{"line":21,"column":95}},"54":{"start":{"line":21,"column":39},"end":{"line":21,"column":93}},"55":{"start":{"line":23,"column":0},"end":{"line":23,"column":220}},"56":{"start":{"line":23,"column":47},"end":{"line":23,"column":63}},"57":{"start":{"line":23,"column":64},"end":{"line":23,"column":203}},"58":{"start":{"line":23,"column":85},"end":{"line":23,"column":120}},"59":{"start":{"line":23,"column":111},"end":{"line":23,"column":120}},"60":{"start":{"line":23,"column":121},"end":{"line":23,"column":181}},"61":{"start":{"line":23,"column":172},"end":{"line":23,"column":181}},"62":{"start":{"line":23,"column":182},"end":{"line":23,"column":201}},"63":{"start":{"line":23,"column":204},"end":{"line":23,"column":218}},"64":{"start":{"line":25,"column":0},"end":{"line":25,"column":153}},"65":{"start":{"line":25,"column":50},"end":{"line":25,"column":151}},"66":{"start":{"line":25,"column":92},"end":{"line":25,"column":149}},"67":{"start":{"line":27,"column":0},"end":{"line":27,"column":240}},"68":{"start":{"line":27,"column":50},"end":{"line":27,"column":151}},"69":{"start":{"line":27,"column":63},"end":{"line":27,"column":149}},"70":{"start":{"line":27,"column":152},"end":{"line":27,"column":238}},"71":{"start":{"line":29,"column":0},"end":{"line":29,"column":494}},"72":{"start":{"line":29,"column":43},"end":{"line":29,"column":208}},"73":{"start":{"line":29,"column":106},"end":{"line":29,"column":206}},"74":{"start":{"line":29,"column":209},"end":{"line":29,"column":373}},"75":{"start":{"line":29,"column":374},"end":{"line":29,"column":492}},"76":{"start":{"line":29,"column":390},"end":{"line":29,"column":492}},"77":{"start":{"line":32,"column":0},"end":{"line":32,"column":16}},"78":{"start":{"line":33,"column":0},"end":{"line":33,"column":23}},"79":{"start":{"line":34,"column":0},"end":{"line":34,"column":20}},"80":{"start":{"line":35,"column":0},"end":{"line":35,"column":19}},"81":{"start":{"line":36,"column":0},"end":{"line":36,"column":21}},"82":{"start":{"line":37,"column":0},"end":{"line":37,"column":21}},"83":{"start":{"line":39,"column":0},"end":{"line":153,"column":20}},"84":{"start":{"line":40,"column":2},"end":{"line":40,"column":33}},"85":{"start":{"line":42,"column":2},"end":{"line":78,"column":3}},"86":{"start":{"line":43,"column":4},"end":{"line":43,"column":13}},"87":{"start":{"line":45,"column":4},"end":{"line":45,"column":27}},"88":{"start":{"line":47,"column":4},"end":{"line":47,"column":35}},"89":{"start":{"line":49,"column":4},"end":{"line":51,"column":5}},"90":{"start":{"line":50,"column":6},"end":{"line":50,"column":35}},"91":{"start":{"line":53,"column":4},"end":{"line":77,"column":55}},"92":{"start":{"line":54,"column":6},"end":{"line":56,"column":7}},"93":{"start":{"line":55,"column":8},"end":{"line":55,"column":15}},"94":{"start":{"line":58,"column":6},"end":{"line":58,"column":54}},"95":{"start":{"line":59,"column":6},"end":{"line":62,"column":7}},"96":{"start":{"line":60,"column":8},"end":{"line":60,"column":62}},"97":{"start":{"line":61,"column":8},"end":{"line":61,"column":15}},"98":{"start":{"line":64,"column":6},"end":{"line":64,"column":27}},"99":{"start":{"line":65,"column":6},"end":{"line":65,"column":60}},"100":{"start":{"line":67,"column":6},"end":{"line":67,"column":117}},"101":{"start":{"line":68,"column":6},"end":{"line":68,"column":113}},"102":{"start":{"line":70,"column":6},"end":{"line":72,"column":7}},"103":{"start":{"line":71,"column":8},"end":{"line":71,"column":57}},"104":{"start":{"line":74,"column":6},"end":{"line":76,"column":7}},"105":{"start":{"line":75,"column":8},"end":{"line":75,"column":28}},"106":{"start":{"line":80,"column":2},"end":{"line":150,"column":6}},"107":{"start":{"line":83,"column":6},"end":{"line":83,"column":33}},"108":{"start":{"line":84,"column":6},"end":{"line":86,"column":7}},"109":{"start":{"line":85,"column":8},"end":{"line":85,"column":24}},"110":{"start":{"line":91,"column":6},"end":{"line":96,"column":7}},"111":{"start":{"line":92,"column":8},"end":{"line":94,"column":9}},"112":{"start":{"line":93,"column":10},"end":{"line":93,"column":39}},"113":{"start":{"line":95,"column":8},"end":{"line":95,"column":20}},"114":{"start":{"line":101,"column":6},"end":{"line":101,"column":34}},"115":{"start":{"line":102,"column":6},"end":{"line":105,"column":7}},"116":{"start":{"line":103,"column":8},"end":{"line":103,"column":37}},"117":{"start":{"line":104,"column":8},"end":{"line":104,"column":35}},"118":{"start":{"line":111,"column":6},"end":{"line":119,"column":138}},"119":{"start":{"line":123,"column":6},"end":{"line":123,"column":42}},"120":{"start":{"line":124,"column":6},"end":{"line":126,"column":7}},"121":{"start":{"line":125,"column":8},"end":{"line":125,"column":20}},"122":{"start":{"line":127,"column":6},"end":{"line":127,"column":27}},"123":{"start":{"line":128,"column":6},"end":{"line":128,"column":60}},"124":{"start":{"line":129,"column":6},"end":{"line":129,"column":51}},"125":{"start":{"line":131,"column":6},"end":{"line":134,"column":26}},"126":{"start":{"line":136,"column":6},"end":{"line":136,"column":160}},"127":{"start":{"line":138,"column":6},"end":{"line":140,"column":7}},"128":{"start":{"line":139,"column":8},"end":{"line":139,"column":62}},"129":{"start":{"line":142,"column":6},"end":{"line":142,"column":91}},"130":{"start":{"line":144,"column":6},"end":{"line":148,"column":8}},"131":{"start":{"line":152,"column":2},"end":{"line":152,"column":17}},"132":{"start":{"line":155,"column":0},"end":{"line":155,"column":32}},"133":{"start":{"line":156,"column":0},"end":{"line":162,"column":2}},"134":{"start":{"line":163,"column":0},"end":{"line":163,"column":26}}},"branchMap":{"1":{"line":7,"type":"binary-expr","locations":[{"start":{"line":7,"column":15},"end":{"line":7,"column":28}},{"start":{"line":7,"column":32},"end":{"line":7,"column":256}}]},"2":{"line":7,"type":"if","locations":[{"start":{"line":7,"column":150},"end":{"line":7,"column":150}},{"start":{"line":7,"column":150},"end":{"line":7,"column":150}}]},"3":{"line":9,"type":"if","locations":[{"start":{"line":9,"column":247},"end":{"line":9,"column":247}},{"start":{"line":9,"column":247},"end":{"line":9,"column":247}}]},"4":{"line":9,"type":"binary-expr","locations":[{"start":{"line":9,"column":251},"end":{"line":9,"column":252}},{"start":{"line":9,"column":256},"end":{"line":9,"column":273}}]},"5":{"line":9,"type":"if","locations":[{"start":{"line":9,"column":339},"end":{"line":9,"column":339}},{"start":{"line":9,"column":339},"end":{"line":9,"column":339}}]},"6":{"line":9,"type":"binary-expr","locations":[{"start":{"line":9,"column":343},"end":{"line":9,"column":346}},{"start":{"line":9,"column":350},"end":{"line":9,"column":362}}]},"7":{"line":9,"type":"if","locations":[{"start":{"line":9,"column":392},"end":{"line":9,"column":392}},{"start":{"line":9,"column":392},"end":{"line":9,"column":392}}]},"8":{"line":9,"type":"if","locations":[{"start":{"line":9,"column":456},"end":{"line":9,"column":456}},{"start":{"line":9,"column":456},"end":{"line":9,"column":456}}]},"9":{"line":9,"type":"if","locations":[{"start":{"line":9,"column":501},"end":{"line":9,"column":501}},{"start":{"line":9,"column":501},"end":{"line":9,"column":501}}]},"10":{"line":11,"type":"binary-expr","locations":[{"start":{"line":11,"column":168},"end":{"line":11,"column":189}},{"start":{"line":11,"column":193},"end":{"line":11,"column":198}}]},"11":{"line":11,"type":"if","locations":[{"start":{"line":11,"column":232},"end":{"line":11,"column":232}},{"start":{"line":11,"column":232},"end":{"line":11,"column":232}}]},"12":{"line":11,"type":"if","locations":[{"start":{"line":11,"column":407},"end":{"line":11,"column":407}},{"start":{"line":11,"column":407},"end":{"line":11,"column":407}}]},"13":{"line":11,"type":"if","locations":[{"start":{"line":11,"column":476},"end":{"line":11,"column":476}},{"start":{"line":11,"column":476},"end":{"line":11,"column":476}}]},"14":{"line":21,"type":"cond-expr","locations":[{"start":{"line":21,"column":70},"end":{"line":21,"column":73}},{"start":{"line":21,"column":76},"end":{"line":21,"column":92}}]},"15":{"line":21,"type":"binary-expr","locations":[{"start":{"line":21,"column":46},"end":{"line":21,"column":49}},{"start":{"line":21,"column":53},"end":{"line":21,"column":67}}]},"16":{"line":23,"type":"if","locations":[{"start":{"line":23,"column":85},"end":{"line":23,"column":85}},{"start":{"line":23,"column":85},"end":{"line":23,"column":85}}]},"17":{"line":23,"type":"if","locations":[{"start":{"line":23,"column":121},"end":{"line":23,"column":121}},{"start":{"line":23,"column":121},"end":{"line":23,"column":121}}]},"18":{"line":25,"type":"if","locations":[{"start":{"line":25,"column":50},"end":{"line":25,"column":50}},{"start":{"line":25,"column":50},"end":{"line":25,"column":50}}]},"19":{"line":27,"type":"if","locations":[{"start":{"line":27,"column":50},"end":{"line":27,"column":50}},{"start":{"line":27,"column":50},"end":{"line":27,"column":50}}]},"20":{"line":27,"type":"cond-expr","locations":[{"start":{"line":27,"column":226},"end":{"line":27,"column":230}},{"start":{"line":27,"column":233},"end":{"line":27,"column":237}}]},"21":{"line":27,"type":"binary-expr","locations":[{"start":{"line":27,"column":159},"end":{"line":27,"column":163}},{"start":{"line":27,"column":168},"end":{"line":27,"column":192}},{"start":{"line":27,"column":196},"end":{"line":27,"column":222}}]},"22":{"line":29,"type":"if","locations":[{"start":{"line":29,"column":43},"end":{"line":29,"column":43}},{"start":{"line":29,"column":43},"end":{"line":29,"column":43}}]},"23":{"line":29,"type":"binary-expr","locations":[{"start":{"line":29,"column":47},"end":{"line":29,"column":79}},{"start":{"line":29,"column":83},"end":{"line":29,"column":102}}]},"24":{"line":29,"type":"binary-expr","locations":[{"start":{"line":29,"column":244},"end":{"line":29,"column":254}},{"start":{"line":29,"column":258},"end":{"line":29,"column":278}}]},"25":{"line":29,"type":"if","locations":[{"start":{"line":29,"column":374},"end":{"line":29,"column":374}},{"start":{"line":29,"column":374},"end":{"line":29,"column":374}}]},"26":{"line":29,"type":"cond-expr","locations":[{"start":{"line":29,"column":414},"end":{"line":29,"column":457}},{"start":{"line":29,"column":460},"end":{"line":29,"column":491}}]},"27":{"line":53,"type":"binary-expr","locations":[{"start":{"line":53,"column":77},"end":{"line":53,"column":94}},{"start":{"line":53,"column":98},"end":{"line":53,"column":128}}]},"28":{"line":54,"type":"if","locations":[{"start":{"line":54,"column":6},"end":{"line":54,"column":6}},{"start":{"line":54,"column":6},"end":{"line":54,"column":6}}]},"29":{"line":54,"type":"binary-expr","locations":[{"start":{"line":54,"column":10},"end":{"line":54,"column":31}},{"start":{"line":54,"column":35},"end":{"line":54,"column":52}}]},"30":{"line":59,"type":"if","locations":[{"start":{"line":59,"column":6},"end":{"line":59,"column":6}},{"start":{"line":59,"column":6},"end":{"line":59,"column":6}}]},"31":{"line":67,"type":"cond-expr","locations":[{"start":{"line":67,"column":45},"end":{"line":67,"column":49}},{"start":{"line":67,"column":52},"end":{"line":67,"column":116}}]},"32":{"line":67,"type":"cond-expr","locations":[{"start":{"line":67,"column":69},"end":{"line":67,"column":82}},{"start":{"line":67,"column":85},"end":{"line":67,"column":116}}]},"33":{"line":67,"type":"cond-expr","locations":[{"start":{"line":67,"column":101},"end":{"line":67,"column":112}},{"start":{"line":67,"column":115},"end":{"line":67,"column":116}}]},"34":{"line":70,"type":"if","locations":[{"start":{"line":70,"column":6},"end":{"line":70,"column":6}},{"start":{"line":70,"column":6},"end":{"line":70,"column":6}}]},"35":{"line":74,"type":"if","locations":[{"start":{"line":74,"column":6},"end":{"line":74,"column":6}},{"start":{"line":74,"column":6},"end":{"line":74,"column":6}}]},"36":{"line":84,"type":"if","locations":[{"start":{"line":84,"column":6},"end":{"line":84,"column":6}},{"start":{"line":84,"column":6},"end":{"line":84,"column":6}}]},"37":{"line":91,"type":"if","locations":[{"start":{"line":91,"column":6},"end":{"line":91,"column":6}},{"start":{"line":91,"column":6},"end":{"line":91,"column":6}}]},"38":{"line":91,"type":"binary-expr","locations":[{"start":{"line":91,"column":10},"end":{"line":91,"column":44}},{"start":{"line":91,"column":48},"end":{"line":91,"column":82}}]},"39":{"line":92,"type":"if","locations":[{"start":{"line":92,"column":8},"end":{"line":92,"column":8}},{"start":{"line":92,"column":8},"end":{"line":92,"column":8}}]},"40":{"line":92,"type":"binary-expr","locations":[{"start":{"line":92,"column":12},"end":{"line":92,"column":28}},{"start":{"line":92,"column":32},"end":{"line":92,"column":46}}]},"41":{"line":102,"type":"if","locations":[{"start":{"line":102,"column":6},"end":{"line":102,"column":6}},{"start":{"line":102,"column":6},"end":{"line":102,"column":6}}]},"42":{"line":124,"type":"if","locations":[{"start":{"line":124,"column":6},"end":{"line":124,"column":6}},{"start":{"line":124,"column":6},"end":{"line":124,"column":6}}]},"43":{"line":129,"type":"cond-expr","locations":[{"start":{"line":129,"column":32},"end":{"line":129,"column":37}},{"start":{"line":129,"column":40},"end":{"line":129,"column":50}}]},"44":{"line":131,"type":"cond-expr","locations":[{"start":{"line":131,"column":37},"end":{"line":131,"column":68}},{"start":{"line":131,"column":71},"end":{"line":131,"column":391}}]},"45":{"line":131,"type":"cond-expr","locations":[{"start":{"line":131,"column":88},"end":{"line":131,"column":128}},{"start":{"line":131,"column":131},"end":{"line":131,"column":391}}]},"46":{"line":131,"type":"cond-expr","locations":[{"start":{"line":131,"column":147},"end":{"line":131,"column":183}},{"start":{"line":131,"column":186},"end":{"line":131,"column":391}}]},"47":{"line":131,"type":"cond-expr","locations":[{"start":{"line":131,"column":203},"end":{"line":131,"column":237}},{"start":{"line":131,"column":240},"end":{"line":131,"column":391}}]},"48":{"line":131,"type":"cond-expr","locations":[{"start":{"line":131,"column":258},"end":{"line":131,"column":294}},{"start":{"line":131,"column":297},"end":{"line":131,"column":391}}]},"49":{"line":131,"type":"cond-expr","locations":[{"start":{"line":131,"column":314},"end":{"line":131,"column":352}},{"start":{"line":131,"column":355},"end":{"line":131,"column":391}}]},"50":{"line":136,"type":"cond-expr","locations":[{"start":{"line":136,"column":57},"end":{"line":136,"column":151}},{"start":{"line":136,"column":154},"end":{"line":136,"column":159}}]},"51":{"line":136,"type":"cond-expr","locations":[{"start":{"line":136,"column":84},"end":{"line":136,"column":88}},{"start":{"line":136,"column":91},"end":{"line":136,"column":151}}]},"52":{"line":138,"type":"if","locations":[{"start":{"line":138,"column":6},"end":{"line":138,"column":6}},{"start":{"line":138,"column":6},"end":{"line":138,"column":6}}]}},"code":["'use strict';","","Object.defineProperty(exports, \"__esModule\", {","  value: true","});","","var _extends = Object.assign || function (target) { for (var i = 1; i < arguments.length; i++) { var source = arguments[i]; for (var key in source) { if (Object.prototype.hasOwnProperty.call(source, key)) { target[key] = source[key]; } } } return target; };","","var _slicedToArray = function () { function sliceIterator(arr, i) { var _arr = []; var _n = true; var _d = false; var _e = undefined; try { for (var _i = arr[Symbol.iterator](), _s; !(_n = (_s = _i.next()).done); _n = true) { _arr.push(_s.value); if (i && _arr.length === i) break; } } catch (err) { _d = true; _e = err; } finally { try { if (!_n && _i[\"return\"]) _i[\"return\"](); } finally { if (_d) throw _e; } } return _arr; } return function (arr, i) { if (Array.isArray(arr)) { return arr; } else if (Symbol.iterator in Object(arr)) { return sliceIterator(arr, i); } else { throw new TypeError(\"Invalid attempt to destructure non-iterable instance\"); } }; }();","","var _createClass = function () { function defineProperties(target, props) { for (var i = 0; i < props.length; i++) { var descriptor = props[i]; descriptor.enumerable = descriptor.enumerable || false; descriptor.configurable = true; if (\"value\" in descriptor) descriptor.writable = true; Object.defineProperty(target, descriptor.key, descriptor); } } return function (Constructor, protoProps, staticProps) { if (protoProps) defineProperties(Constructor.prototype, protoProps); if (staticProps) defineProperties(Constructor, staticProps); return Constructor; }; }();","","var _react = require('react');","","var _react2 = _interopRequireDefault(_react);","","var _defaultFormatter = require('./defaultFormatter');","","var _defaultFormatter2 = _interopRequireDefault(_defaultFormatter);","","function _interopRequireDefault(obj) { return obj && obj.__esModule ? obj : { default: obj }; }","","function _objectWithoutProperties(obj, keys) { var target = {}; for (var i in obj) { if (keys.indexOf(i) >= 0) continue; if (!Object.prototype.hasOwnProperty.call(obj, i)) continue; target[i] = obj[i]; } return target; }","","function _classCallCheck(instance, Constructor) { if (!(instance instanceof Constructor)) { throw new TypeError(\"Cannot call a class as a function\"); } }","","function _possibleConstructorReturn(self, call) { if (!self) { throw new ReferenceError(\"this hasn't been initialised - super() hasn't been called\"); } return call && (typeof call === \"object\" || typeof call === \"function\") ? call : self; }","","function _inherits(subClass, superClass) { if (typeof superClass !== \"function\" && superClass !== null) { throw new TypeError(\"Super expression must either be null or a function, not \" + typeof superClass); } subClass.prototype = Object.create(superClass && superClass.prototype, { constructor: { value: subClass, enumerable: false, writable: true, configurable: true } }); if (superClass) Object.setPrototypeOf ? Object.setPrototypeOf(subClass, superClass) : subClass.__proto__ = superClass; }","","// Just some simple constants for readability","var MINUTE = 60;","var HOUR = MINUTE * 60;","var DAY = HOUR * 24;","var WEEK = DAY * 7;","var MONTH = DAY * 30;","var YEAR = DAY * 365;","","var TimeAgo = function (_Component) {","  _inherits(TimeAgo, _Component);","","  function TimeAgo() {","    var _ref;","","    var _temp, _this, _ret;","","    _classCallCheck(this, TimeAgo);","","    for (var _len = arguments.length, args = Array(_len), _key = 0; _key < _len; _key++) {","      args[_key] = arguments[_key];","    }","","    return _ret = (_temp = (_this = _possibleConstructorReturn(this, (_ref = TimeAgo.__proto__ || Object.getPrototypeOf(TimeAgo)).call.apply(_ref, [this].concat(args))), _this), _this.isStillMounted = false, _this.tick = function (refresh) {","      if (!_this.isStillMounted || !_this.props.live) {","        return;","      }","","      var then = new Date(_this.props.date).valueOf();","      if (Number.isNaN(then)) {","        console.warn('[react-timeago] Invalid Date provided');","        return;","      }","","      var now = Date.now();","      var seconds = Math.round(Math.abs(now - then) / 1000);","","      var unboundPeriod = seconds < MINUTE ? 1000 : seconds < HOUR ? 1000 * MINUTE : seconds < DAY ? 1000 * HOUR : 0;","      var period = Math.min(Math.max(unboundPeriod, _this.props.minPeriod * 1000), _this.props.maxPeriod * 1000);","","      if (period) {","        _this.timeoutId = setTimeout(_this.tick, period);","      }","","      if (!refresh) {","        _this.forceUpdate();","      }","    }, _temp), _possibleConstructorReturn(_this, _ret);","  }","","  _createClass(TimeAgo, [{","    key: 'componentDidMount',","    value: function componentDidMount() {","      this.isStillMounted = true;","      if (this.props.live) {","        this.tick(true);","      }","    }","  }, {","    key: 'componentDidUpdate',","    value: function componentDidUpdate(lastProps) {","      if (this.props.live !== lastProps.live || this.props.date !== lastProps.date) {","        if (!this.props.live && this.timeoutId) {","          clearTimeout(this.timeoutId);","        }","        this.tick();","      }","    }","  }, {","    key: 'componentWillUnmount',","    value: function componentWillUnmount() {","      this.isStillMounted = false;","      if (this.timeoutId) {","        clearTimeout(this.timeoutId);","        this.timeoutId = undefined;","      }","    }","  }, {","    key: 'render',","    value: function render() {","      /* eslint-disable no-unused-vars */","      var _props = this.props,","          date = _props.date,","          formatter = _props.formatter,","          Komponent = _props.component,","          live = _props.live,","          minPeriod = _props.minPeriod,","          maxPeriod = _props.maxPeriod,","          title = _props.title,","          passDownProps = _objectWithoutProperties(_props, ['date', 'formatter', 'component', 'live', 'minPeriod', 'maxPeriod', 'title']);","      /* eslint-enable no-unused-vars */","","","      var then = new Date(date).valueOf();","      if (Number.isNaN(then)) {","        return null;","      }","      var now = Date.now();","      var seconds = Math.round(Math.abs(now - then) / 1000);","      var suffix = then < now ? 'ago' : 'from now';","","      var _ref2 = seconds < MINUTE ? [Math.round(seconds), 'second'] : seconds < HOUR ? [Math.round(seconds / MINUTE), 'minute'] : seconds < DAY ? [Math.round(seconds / HOUR), 'hour'] : seconds < WEEK ? [Math.round(seconds / DAY), 'day'] : seconds < MONTH ? [Math.round(seconds / WEEK), 'week'] : seconds < YEAR ? [Math.round(seconds / MONTH), 'month'] : [Math.round(seconds / YEAR), 'year'],","          _ref3 = _slicedToArray(_ref2, 2),","          value = _ref3[0],","          unit = _ref3[1];","","      var passDownTitle = typeof title === 'undefined' ? typeof date === 'string' ? date : new Date(date).toISOString().substr(0, 16).replace('T', ' ') : title;","","      if (Komponent === 'time') {","        passDownProps.dateTime = new Date(date).toISOString();","      }","","      var nextFormatter = _defaultFormatter2.default.bind(null, value, unit, suffix, then);","","      return _react2.default.createElement(","        Komponent,","        _extends({}, passDownProps, { titl
[...]
ct';","","Object.defineProperty(exports, \"__esModule\", {","  value: true","});","","","// Slovenian with support for dual","function numpf(n, a) {","  return a[n % 100 === 1 ? 1 : n % 100 === 2 ? 2 : n % 100 === 3 || n % 100 === 4 ? 3 : 0];","}","","","var strings = {","  prefixAgo: null,","  prefixFromNow: 'čez',","  suffixAgo: 'nazaj',","  suffixFromNow: null,","  second: 'sekundo',","  seconds: function seconds(value) {","    return numpf(value, ['%d sekund', '%d sekundo', '%d sekundi', '%d sekunde']);","  },","  minute: 'minuto',","  minutes: function minutes(value) {","    return numpf(value, ['%d minut', '%d minuto', '%d minuti', '%d minute']);","  },","  hour: 'eno uro',","  hours: function hours(value) {","    return numpf(value, ['%d ur', '%d uro', '%d uri', '%d ure']);","  },","  day: 'en dan',","  days: function days(value) {","    return numpf(value, ['%d dni', '%d dan', '%d dneva', '%d dni']);","  },","  month: 'en mesec',","  months: function months(value) {","    return numpf(value, ['%d mesecev', '%d mesec', '%d meseca', '%d mesece']);","  },","  year: 'eno leto',","  years: function years(value) {","    return numpf(value, ['%d let', '%d leto', '%d leti', '%d leta']);","  },","  wordSeparator: ' '","};","","exports.default = strings;"],"l":{"3":1,"9":1,"10":0,"14":1,"21":0,"25":0,"29":0,"33":0,"37":0,"41":0,"46":1}},"/home/travis/build/npmtest/node-npmtest-react-timeago/node_modules/react-timeago/lib/language-strings/sr.js":{"path":"/home/travis/build/npmtest/node-npmtest-react-timeago/node_modules/react-timeago/lib/language-strings/sr.js","s":{"1":1,"2":1,"3":0,"4":0,"5":0,"6":0,"7":0,"8":0,"9":0,"10":1,"11":0,"12":0,"13":0,"14":0,"15":0,"16":0,"17":1},"b":{"1":[0,0],"2":[0,0,0],"3":[0,0],"4":[0,0,0,0]},"f":{"1":0,"2":0,"3":0,"4":0,"5":0,"6":0,"7":0},"fnMap":{"1":{"name":"numpf","line":9,"loc":{"start":{"line":9,"column":0},"end":{"line":9,"column":27}}},"2":{"name":"seconds","line":28,"loc":{"start":{"line":28,"column":11},"end":{"line":28,"column":35}}},"3":{"name":"minutes","line":32,"loc":{"start":{"line":32,"column":11},"end":{"line":32,"column":35}}},"4":{"name":"hours","line":36,"loc":{"start":{"line":36,"column":9},"end":{"line":36,"column":31}}},"5":{"name":"days","line":40,"loc":{"start":{"line":40,"column":8},"end":{"line":40,"column":29}}},"6":{"name":"months","line":44,"loc":{"start":{"line":44,"column":10},"end":{"line":44,"column":33}}},"7":{"name":"years","line":48,"loc":{"start":{"line":48,"column":9},"end":{"line":48,"column":31}}}},"statementMap":{"1":{"start":{"line":3,"column":0},"end":{"line":5,"column":3}},"2":{"start":{"line":9,"column":0},"end":{"line":19,"column":1}},"3":{"start":{"line":10,"column":2},"end":{"line":10,"column":10}},"4":{"start":{"line":11,"column":2},"end":{"line":11,"column":15}},"5":{"start":{"line":12,"column":2},"end":{"line":18,"column":3}},"6":{"start":{"line":13,"column":4},"end":{"line":13,"column":13}},"7":{"start":{"line":14,"column":9},"end":{"line":18,"column":3}},"8":{"start":{"line":15,"column":4},"end":{"line":15,"column":13}},"9":{"start":{"line":17,"column":4},"end":{"line":17,"column":13}},"10":{"start":{"line":22,"column":0},"end":{"line":52,"column":2}},"11":{"start":{"line":29,"column":4},"end":{"line":29,"column":65}},"12":{"start":{"line":33,"column":4},"end":{"line":33,"column":62}},"13":{"start":{"line":37,"column":4},"end":{"line":37,"column":56}},"14":{"start":{"line":41,"column":4},"end":{"line":41,"column":56}},"15":{"start":{"line":45,"column":4},"end":{"line":45,"column":62}},"16":{"start":{"line":49,"column":4},"end":{"line":49,"column":63}},"17":{"start":{"line":54,"column":0},"end":{"line":54,"column":26}}},"branchMap":{"1":{"line":12,"type":"if","locations":[{"start":{"line":12,"column":2},"end":{"line":12,"column":2}},{"start":{"line":12,"column":2},"end":{"line":12,"column":2}}]},"2":{"line":12,"type":"binary-expr","locations":[{"start":{"line":12,"column":6},"end":{"line":12,"column":15}},{"start":{"line":12,"column":20},"end":{"line":12,"column":27}},{"start":{"line":12,"column":31},"end":{"line":12,"column":37}}]},"3":{"line":14,"type":"if","locations":[{"start":{"line":14,"column":9},"end":{"line":14,"column":9}},{"start":{"line":14,"column":9},"end":{"line":14,"column":9}}]},"4":{"line":14,"type":"binary-expr","locations":[{"start":{"line":14,"column":13},"end":{"line":14,"column":20}},{"start":{"line":14,"column":24},"end":{"line":14,"column":31}},{"start":{"line":14,"column":36},"end":{"line":14,"column":42}},{"start":{"line":14,"column":46},"end":{"line":14,"column":52}}]}},"code":["'use strict';","","Object.defineProperty(exports, \"__esModule\", {","  value: true","});","","","// Serbian","function numpf(n, f, s, t) {","  var n10;","  n10 = n % 10;","  if (n10 === 1 && (n === 1 || n > 20)) {","    return f;","  } else if (n10 > 1 && n10 < 5 && (n > 20 || n < 10)) {","    return s;","  } else {","    return t;","  }","}","","","var strings = {","  prefixAgo: 'пре',","  prefixFromNow: 'за',","  suffixAgo: null,","  suffixFromNow: null,","  second: 'секунд',","  seconds: function seconds(value) {","    return numpf(value, '%d секунд', '%d секунде', '%d секунди');","  },","  minute: 'један минут',","  minutes: function minutes(value) {","    return numpf(value, '%d минут', '%d минута', '%d минута');","  },","  hour: 'један сат',","  hours: function hours(value) {","    return numpf(value, '%d сат', '%d сата', '%d сати');","  },","  day: 'један дан',","  days: function days(value) {","    return numpf(value, '%d дан', '%d дана', '%d дана');","  },","  month: 'месец дана',","  months: function months(value) {","    return numpf(value, '%d месец', '%d месеца', '%d месеци');","  },","  year: 'годину дана',","  years: function years(value) {","    return numpf(value, '%d годину', '%d године', '%d година');","  },","  wordSeparator: ' '","};","","exports.default = strings;"],"l":{"3":1,"9":1,"10":0,"11":0,"12":0,"13":0,"14":0,"15":0,"17":0,"22":1,"29":0,"33":0,"37":0,"41":0,"45":0,"49":0,"54":1}},"/home/travis/build/npmtest/node-npmtest-react-timeago/node_modules/react-timeago/lib/language-strings/sv.js":{"path":"/home/travis/build/npmtest/node-npmtest-react-timeago/node_modules/react-timeago/lib/language-strings/sv.js","s":{"1":1,"2":1,"3":1},"b":{},"f":{},"fnMap":{},"statementMap":{"1":{"start":{"line":3,"column":0},"end":{"line":5,"column":3}},"2":{"start":{"line":9,"column":0},"end":{"line":25,"column":2}},"3":{"start":{"line":26,"column":0},"end":{"line":26,"column":26}}},"branchMap":{},"code":["'use strict';","","Object.defineProperty(exports, \"__esModule\", {","  value: true","});","","","// Swedish","var strings = {","  prefixAgo: 'för',","  prefixFromNow: 'om',","  suffixAgo: 'sedan',","  suffixFromNow: '',","  seconds: 'mindre än en minut',","  minute: 'ungefär en minut',","  minutes: '%d minuter',","  hour: 'ungefär en timme',","  hours: 'ungefär %d timmar',","  day: 'en dag',","  days: '%d dagar',","  month: 'ungefär en månad',","  months: '%d månader',","  year: 'ungefär ett år',","  years: '%d år'","};","exports.default = strings;"],"l":{"3":1,"9":1,"26":1}},"/home/travis/build/npmtest/node-npmtest-react-timeago/node_modules/react-timeago/lib/language-strings/th.js":{"path":"/home/travis/build/npmtest/node-npmtest-react-timeago/node_modules/react-timeago/lib/language-strings/th.js","s":{"1":1,"2":1,"3":1},"b":{},"f":{},"fnMap":{},"statementMap":{"1":{"start":{"line":3,"column":0},"end":{"line":5,"column":3}},"2":{"start":{"line":9,"column":0},"end":{"line":26,"column":2}},"3":{"start":{"line":27,"column":0},"end":{"line":27,"column":26}}},"branchMap":{},"code":["'use strict';","","Object.defineProperty(exports, \"__esModule\", {","  value: true","});","","","// Thai","var strings = {","  prefixAgo: null,","  prefixFromNow: null,","  suffixAgo: 'ที่แล้ว',","  suffixFromNow: 'จากตอนนี้',","  seconds: 'น้อยกว่าหนึ่งนาที',","  minute: 'ประมาณหนึ่งนาที',","  minutes: '%d นาที',","  hour: 'ประมาณหนึ่งชั่วโมง',","  hours: 'ประมาณ %d ชั่วโมง',","  day: 'หนึ่งวัน',","  days: '%d วัน',","  month: 'ประมาณหนึ่งเดือน',","  months: '%d เดือน',","  year: 'ประมาณหนึ่งปี',","  years: '%d ปี',","  wordSeparator: ''","};","exports.default = strings;"],"l":{"3":1,"9":1,"27":1}},"/home/travis/build/npmtest/node-npmtest-react-timeago/node_modules/react-timeago/lib/language-strings/tr.js":{"path":"/home/travis/build/npmtest/node-npmtest-react-timeago/node_modules/react-timeago/lib/language-strings/tr.js","s":{"1":1,"2":1,"3":1},"b":{},"f":{},"fnMap":{},"statementMap":{"1":{"start":{"line":3,"column":0},"end":{"line":5,"column":3}},"2":{"start":{"line":9,"column":0},"end":{"line":23,"column":2}},"3":{"start":{"line":24,"column":0},"end":{"line":24,"column":26}}},"branchMap":{},"code":["'use strict';","","Object.defineProperty(exports, \"__esModule\", {","  value: true","});","","","// Turkish","var strings = {","  suffixAgo: 'önce',","  suffixFromNow: null,","  seconds: '1 dakikadan',","  minute: '1 dakika',","  minutes: '%d dakika',","  hour: '1 saat',","  hours: '%d saat',","  day: '1 gün',","  days: '%d gün',","  month: '1 ay',","  months: '%d ay',","  year: '1 yıl',","  years: '%d yıl'","};","exports.default = strings;"],"l":{"3":1,"9":1,"24":1}},"/home/travis/build/npmtest/node-npmtest-react-timeago/node_modules/react-timeago/lib/language-strings/tr-short.js":{"path":"/home/travis/build/npmtest/node-npmtest-react-timeago/node_modules/react-timeago/lib/language-strings/tr-short.js","s":{"1":1,"2":1,"3":1},"b":{},"f":{},"fnMap":{},"statementMap":{"1":{"start":{"line":3,"column":0},"end":{"line":5,"column":3}},"2":{"start":{"line":9,"column":0},"end":{"line":26,"column":2}},"3":{"start":{"line":27,"column":0},"end":{"line":27,"column":26}}},"branchMap":{},"code":["'use strict';","","Object.defineProperty(exports, \"__esModule\", {","  value: true","});","","","// Turkish shortened","var strings = {","  prefixAgo: null,","  prefixFromNow: null,","  suffixAgo: '',","  suffixFromNow: '',","  seconds: '1sn',","  minute: '1d',","  minutes: '%dd',","  hour: '1s',","  hours: '%ds',","  day: '1g',","  days: '%dg',","  month: '1ay',","  months: '%day',","  year: '1y',","  years: '%dy',","  wordSeparator: ' '","};","exports.default = strings;"],"l":{"3":1,"9":1,"27":1}},"/home/travis/build/npmtest/node-npmtest-react-timeago/node_modules/react-timeago/lib/language-strings/uk.js":{"path":"/home/travis/build/npmtest/node-npmtest-react-timeago/node_modules/react-timeago/lib/language-strings/uk.js","s":{"1":1,"2":1,"3":0,"4":0,"5":0,"6":0,"7":0,"8":0,"9":1,"10":0,"11":0,"12":0,"13":0,"14":0,"15":1},"b":{"1":[0,0],"2":[0,0,0],"3":[0,0],"4":[0,0,0,0]},"f":{"1":0,"2":0,"3":0,"4":0,"5":0,"6":0},"fnMap":{"1":{"name":"numpf","line":9,"loc":{"start":{"line":9,"column":0},"end":{"line":9,"column":27}}},"2":{"name":"minutes","line":31,"loc":{"start":{"line":31,"column":11},"end":{"line":31,"column":35}}},"3":{"name":"hours","line":35,"loc":{"start":{"line":35,"column":9},"end":{"line":35,"column":31}}},"4":{"name":"days","line":39,"loc":{"start":{"line":39,"column":8},"end":{"line":39,"column":29}}},"5":{"name":"months","line":43,"loc":{"start":{"line":43,"column":10},"end":{"line":43,"column":33}}},"6":{"name":"years","line":47,"loc":{"start":{"line":47,"column":9},"end":{"line":47,"column":31}}}},"statementMap":{"1":{"start":{"line":3,"column":0},"end":{"line":5,"column":3}},"2":{"start":{"line":9,"column":0},"end":{"line":21,"column":1}},"3":{"start":{"line":13,"column":2},"end":{"line":13,"column":19}},"4":{"start":{"line":14,"column":2},"end":{"line":20,"column":3}},"5":{"start":{"line":15,"column":4},"end":{"line":15,"column":13}},"6":{"start":{"line":16,"column":9},"end":{"line":20,"column":3}},"7":{"start":{"line":17,"column":4},"end":{"line":17,"column":13}},"8":{"start":{"line":19,"column":4},"end":{"line":19,"column":13}},"9":{"start":{"line":24,"column":0},"end":{"line":50,"column":2}},"10":{"start":{"line":32,"column":4},"end":{"line":32,"column":65}},"11":{"start":{"line":36,"column":4},"end":{"line":36,"column":62}},"12":{"start":{"line":40,"column":4},"end":{"line":40,"column":56}},"13":{"start":{"line":44,"column":4},"end":{"line":44,"column":64}},"14":{"start":{"line":48,"column":4},"end":{"line":48,"column":57}},"15":{"start":{"line":52,"column":0},"end":{"line":52,"column":26}}},"branchMap":{"1":{"line":14,"type":"if","locations":[{"start":{"line":14,"column":2},"end":{"line":14,"column":2}},{"start":{"line":14,"column":2},"end":{"line":14,"column":2}}]},"2":{"line":14,"type":"binary-expr","locations":[{"start":{"line":14,"column":6},"end":{"line":14,"column":15}},{"start":{"line":14,"column":20},"end":{"line":14,"column":27}},{"start":{"line":14,"column":31},"end":{"line":14,"column":37}}]},"3":{"line":16,"type":"if","locations":[{"start":{"line":16,"column":9},"end":{"line":16,"column":9}},{"start":{"line":16,"column":9},"end":{"line":16,"column":9}}]},"4":{"line":16,"type":"binary-expr","locations":[{"start":{"line":16,"column":13},"end":{"line":16,"column":20}},{"start":{"line":16,"column":24},"end":{"line":16,"column":31}},{"start":{"line":16,"column":36},"end":{"line":16,"column":42}},{"start":{"line":16,"column":46},"end":{"line":16,"column":52}}]}},"code":["'use strict';","","Object.defineProperty(exports, \"__esModule\", {","  value: true","});","","","// Ukrainian","function numpf(n, f, s, t) {","  // f - 1, 21, 31, ...","  // s - 2-4, 22-24, 32-34 ...","  // t - 5-20, 25-30, ...","  var n10 = n % 10;","  if (n10 === 1 && (n === 1 || n > 20)) {","    return f;","  } else if (n10 > 1 && n10 < 5 && (n > 20 || n < 10)) {","    return s;","  } else {","    return t;","  }","}","","","var strings = {","  prefixAgo: null,","  prefixFromNow: 'через',","  suffixAgo: 'тому',","  suffixFromNow: null,","  seconds: 'менше хвилини',","  minute: 'хвилина',","  minutes: function minutes(value) {","    return numpf(value, '%d хвилина', '%d хвилини', '%d хвилин');","  },","  hour: 'година',","  hours: function hours(value) {","    return numpf(value, '%d година', '%d години', '%d годин');","  },","  day: 'день',","  days: function days(value) {","    return numpf(value, '%d день', '%d дні', '%d днів');","  },","  month: 'місяць',","  months: function months(value) {","    return numpf(value, '%d місяць', '%d місяці', '%d місяців');","  },","  year: 'рік',","  years: function years(value) {","    return numpf(value, '%d рік', '%d роки', '%d років');","  }","};","","exports.default = strings;"],"l":{"3":1,"9":1,"13":0,"14":0,"15":0,"16":0,"17":0,"19":0,"24":1,"32":0,"36":0,"40":0,"44":0,"48":0,"52":1}},"/home/travis/build/npmtest/node-npmtest-react-timeago/node_modules/react-timeago/lib/language-strings/uz.js":{"path":"/home/travis/build/npmtest/node-npmtest-react-timeago/node_modules/react-timeago/lib/language-strings/uz.js","s":{"1":1,"2":1,"3":0,"4":0,"5":0,"6":0,"7":0,"8":1},"b":{},"f":{"1":0,"2":0,"3":0,"4":0,"5":0},"fnMap":{"1":{"name":"minutes","line":16,"loc":{"start":{"line":16,"column":11},"end":{"line":16,"column":35}}},"2":{"name":"hours","line":20,"loc":{"start":{"line":20,"column":9},"end":{"line":20,"column":31}}},"3":{"name":"days","line":24,"loc":{"start":{"line":24,"column":8},"end":{"line":24,"column":29}}},"4":{"name":"months","line":28,"loc":{"start":{"line":28,"column":10},"end":{"line":28,"column":33}}},"5":{"name":"years","line":32,"loc":{"start":{"line":32,"column":9},"end":{"line":32,"column":31}}}},"statementMap":{"1":{"start":{"line":3,"column":0},"end":{"line":5,"column":3}},"2":{"start":{"line":9,"column":0},"end":{"line":36,"column":2}},"3":{"start":{"line":17,"column":4},"end":{"line":17,"column":23}},"4":{"start":{"line":21,"column":4},"end":{"line":21,"column":21}},"5":{"start":{"line":25,"column":4},"end":{"line":25,"column":20}},"6":{"start":{"line":29,"column":4},"end":{"line":29,"column":19}},"7":{"start":{"line":33,"column":4},"end":{"line":33,"column":20}},"8":{"start":{"line":37,"column":0},"end":{"line":37,"column":26}}},"branchMap":{},"code":["'use strict';","","Object.defineProperty(exports, \"__esModule\", {","  value: true","});","","","// Uzbek","var strings = {","  prefixAgo: null,","  prefixFromNow: 'keyin',","  suffixAgo: 'avval',","  suffixFromNow: null,","  seconds: 'bir necha soniya',","  minute: '1 daqiqa',","  minutes: function minutes(value) {","    return '%d daqiqa';","  },","  hour: '1 soat',","  hours: function hours(value) {","    return '%d soat';","  },","  day: '1 kun',","  days: function days(value) {","    return '%d kun';","  },","  month: '1 oy',","  months: function months(value) {","    return '%d oy';","  },","  year: '1 yil',","  years: function years(value) {","    return '%d yil';","  },","  wordSeparator: ' '","};","exports.default = strings;"],"l":{"3":1,"9":1,"17":0,"21":0,"25":0,"29":0,"33":0,"37":1}},"/home/travis/build/npmtest/node-npmtest-react-timeago/node_modules/react-timeago/lib/language-strings/vi.js":{"path":"/home/travis/build/npmtest/node-npmtest-react-timeago/node_modules/react-timeago/lib/language-strings/vi.js","s":{"1":1,"2":1,"3":1},"b":{},"f":{},"fnMap":{},"statementMap":{"1":{"start":{"line":3,"column":0},"end":{"line":5,"column":3}},"2":{"start":{"line":9,"column":0},"end":{"line":26,"column":2}},"3":{"start":{"line":27,"column":0},"end":{"line":27,"column":26}}},"branchMap":{},"code":["'use strict';","","Object.defineProperty(exports, \"__esModule\", {","  value: true","});","","","// Vietnamese","var strings = {","  prefixAgo: 'cách đây',","  prefixFromNow: null,","  suffixAgo: null,","  suffixFromNow: 'trước',","  seconds: 'chưa đến 1 phút',","  minute: 'khoảng 1 phút',","  minutes: '%d phút',","  hour: 'khoảng 1 tiếng',","  hours: 'khoảng %d tiếng',","  day: '1 ngày',","  days: '%d ngày',","  month: 'khoảng 1 tháng',","  months: '%d tháng',","  year: 'khoảng 1 năm',","  years: '%d năm',","  wordSeparator: ' '","};","exports.default = strings;"],"l":{"3":1,"9":1,"27":1}},"/home/travis/build/npmtest/node-npmtest-react-timeago/node_modules/react-timeago/lib/language-strings/zh-CN.js":{"path":"/home/travis/build/npmtest/node-npmtest-react-timeago/node_modules/react-timeago/lib/language-strings/zh-CN.js","s":{"1":1,"2":1,"3":1},"b":{},"f":{},"fnMap":{},"statementMap":{"1":{"start":{"line":3,"column":0},"end":{"line":5,"column":3}},"2":{"start":{"line":9,"column":0},"end":{"line":26,"column":2}},"3":{"start":{"line":27,"column":0},"end":{"line":27,"column":26}}},"branchMap":{},"code":["'use strict';","","Object.defineProperty(exports, \"__esModule\", {","  value: true","});","","","// Simplified Chinese","var strings = {","  prefixAgo: null,","  prefixFromNow: '从现在开始',","  suffixAgo: '之前',","  suffixFromNow: null,","  seconds: '不到1分钟',","  minute: '大约1分钟',","  minutes: '%d分钟',","  hour: '大约1小时',","  hours: '大约%d小时',","  day: '1天',","  days: '%d天',","  month: '大约1个月',","  months: '%d月',","  year: '大约1年',","  years: '%d年',","  wordSeparator: ''","};","exports.default = strings;"],"l":{"3":1,"9":1,"27":1}},"/home/travis/build/npmtest/node-npmtest-react-timeago/node_modules/react-timeago/lib/language-strings/zh-TW.js":{"path":"/home/travis/build/npmtest/node-npmtest-react-timeago/node_modules/react-timeago/lib/language-strings/zh-TW.js","s":{"1":1,"2":1,"3":1},"b":{},"f":{},"fnMap":{},"statementMap":{"1":{"start":{"line":3,"column":0},"end":{"line":5,"column":3}},"2":{"start":{"line":9,"column":0},"end":{"line":26,"column":2}},"3":{"start":{"line":27,"column":0},"end":{"line":27,"column":26}}},"branchMap":{},"code":["'use strict';","","Object.defineProperty(exports, \"__esModule\", {","  value: true","});","","","// Traditional Chinese, zh-tw","var strings = {","  prefixAgo: null,","  prefixFromNow: '從現在開始',","  suffixAgo: '之前',","  suffixFromNow: null,","  seconds: '不到1分鐘',","  minute: '大約1分鐘',","  minutes: '%d分鐘',","  hour: '大約1小時',","  hours: '%d小時',","  day: '大約1天',","  days: '%d天',","  month: '大約1個月',","  months: '%d個月',","  year: '大約1年',","  years: '%d年',","  wordSeparator: ''","};","exports.default = strings;"],"l":{"3":1,"9":1,"27":1}}}